<?xml version="1.0" encoding="UTF-8"?>
<robot generator="Robot 6.1.1 (Python 3.12.2 on win32)" generated="20240822 11:50:54.032" rpa="false" schemaversion="4">
<suite id="s1" name="Login Test" source="C:\Users\Priti\Desktop\git_demo\gitactionsdemo\Web\RR\TestCases\Login\login_test.robot">
<test id="s1-t1" name="Tc01 Verify if new clicks on yes button" line="15">
<kw name="Launch Application New" library="login_keywords" type="SETUP">
<kw name="Create Dictionary" library="BuiltIn">
<var>${desired_capabilities}</var>
<arg>browserName=${Browser}</arg>
<arg>browserstack.user=${BROWSERSTACK_USERNAME}</arg>
<arg>browserstack.key=${BROWSERSTACK_ACCESS_KEY}</arg>
<arg>os=Windows</arg>
<arg>os_version=10</arg>
<arg>resolution=1920x1080</arg>
<doc>Creates and returns a dictionary based on the given ``items``.</doc>
<msg timestamp="20240822 11:50:55.295" level="INFO">${desired_capabilities} = {'browserName': 'Edge', 'browserstack.user': 'pritikakade_kqyoOr', 'browserstack.key': 'MMfBZE6sxqz2KNieabxa', 'os': 'Windows', 'os_version': '10', 'resolution': '1920x1080'}</msg>
<status status="PASS" starttime="20240822 11:50:55.294" endtime="20240822 11:50:55.295"/>
</kw>
<kw name="Open Browser" library="SeleniumLibrary">
<arg>https://stg-rr.sportz.io/</arg>
<arg>browser=${Browser}</arg>
<arg>desired_capabilities=${desired_capabilities}</arg>
<arg>remote_url=http://${BROWSERSTACK_USERNAME}:${BROWSERSTACK_ACCESS_KEY}@hub-cloud.browserstack.com/wd/hub</arg>
<doc>Opens a new browser instance to the optional ``url``.</doc>
<msg timestamp="20240822 11:50:55.296" level="WARN">desired_capabilities has been deprecated and removed. Please use options to configure browsers as per documentation.</msg>
<msg timestamp="20240822 11:50:55.297" level="INFO">Opening browser 'Edge' to base url 'https://stg-rr.sportz.io/' through remote server at 'http://pritikakade_kqyoOr:MMfBZE6sxqz2KNieabxa@hub-cloud.browserstack.com/wd/hub'.</msg>
<status status="PASS" starttime="20240822 11:50:55.295" endtime="20240822 11:51:04.728"/>
</kw>
<kw name="Maximize Browser Window" library="SeleniumLibrary">
<doc>Maximizes current browser window.</doc>
<status status="PASS" starttime="20240822 11:51:04.728" endtime="20240822 11:51:05.014"/>
</kw>
<status status="PASS" starttime="20240822 11:50:55.294" endtime="20240822 11:51:05.014"/>
</kw>
<kw name="Fetch Data By Id" library="user_keywords">
<var>&amp;{data}</var>
<arg>${testdata}</arg>
<arg>2</arg>
<msg timestamp="20240822 11:51:05.159" level="INFO">&amp;{data} = { ${id}=2 | mobile_number=9226170695 | None=None }</msg>
<status status="PASS" starttime="20240822 11:51:05.015" endtime="20240822 11:51:05.159"/>
</kw>
<kw name="Click On Login Button" library="login_keywords">
<kw name="Wait Until Page Contains Element" library="SeleniumLibrary">
<arg>${login_button}</arg>
<arg>timeout=30</arg>
<doc>Waits until the element ``locator`` appears on the current page.</doc>
<status status="PASS" starttime="20240822 11:51:05.160" endtime="20240822 11:51:05.291"/>
</kw>
<kw name="Click Element" library="SeleniumLibrary">
<arg>${login_button}</arg>
<doc>Click the element identified by ``locator``.</doc>
<msg timestamp="20240822 11:51:05.292" level="INFO">Clicking element '//span[contains(text(),"Login")]'.</msg>
<status status="PASS" starttime="20240822 11:51:05.291" endtime="20240822 11:51:07.593"/>
</kw>
<status status="PASS" starttime="20240822 11:51:05.160" endtime="20240822 11:51:07.593"/>
</kw>
<kw name="Enter Mobile Number" library="login_keywords">
<arg>${data.mobile_number}</arg>
<kw name="Wait Until Element Is Visible" library="SeleniumLibrary">
<arg>${mobile_number_field_1}</arg>
<arg>timeout=30</arg>
<doc>Waits until the element ``locator`` is visible.</doc>
<msg timestamp="20240822 11:51:09.877" level="INFO">Suppressing StaleElementReferenceException from Selenium.</msg>
<status status="PASS" starttime="20240822 11:51:07.596" endtime="20240822 11:51:10.189"/>
</kw>
<kw name="Input Text" library="SeleniumLibrary">
<arg>${mobile_number_field_1}</arg>
<arg>${value}</arg>
<doc>Types the given ``text`` into the text field identified by ``locator``.</doc>
<msg timestamp="20240822 11:51:10.190" level="INFO">Typing text '9226170695' into text field '//input[@id="Mobile_number"]'.</msg>
<status status="PASS" starttime="20240822 11:51:10.189" endtime="20240822 11:51:10.596"/>
</kw>
<status status="PASS" starttime="20240822 11:51:07.594" endtime="20240822 11:51:10.596"/>
</kw>
<kw name="Click on No Button" library="login_keywords">
<kw name="Wait Until Element Is Visible" library="SeleniumLibrary">
<arg>${whatsapp_no_button}</arg>
<arg>timeout=30</arg>
<doc>Waits until the element ``locator`` is visible.</doc>
<status status="PASS" starttime="20240822 11:51:10.597" endtime="20240822 11:51:10.792"/>
</kw>
<kw name="Click Element" library="SeleniumLibrary">
<arg>${whatsapp_no_button}</arg>
<doc>Click the element identified by ``locator``.</doc>
<msg timestamp="20240822 11:51:10.793" level="INFO">Clicking element '//button[@aria-label="no"]'.</msg>
<status status="PASS" starttime="20240822 11:51:10.792" endtime="20240822 11:51:10.963"/>
</kw>
<status status="PASS" starttime="20240822 11:51:10.597" endtime="20240822 11:51:10.963"/>
</kw>
<kw name="Verify OTP less sign in pop-up should get displayed to user" library="login_keywords">
<kw name="Wait Until Element Is Visible" library="SeleniumLibrary">
<arg>${send_sms_button}</arg>
<arg>timeout=30</arg>
<doc>Waits until the element ``locator`` is visible.</doc>
<status status="PASS" starttime="20240822 11:51:10.965" endtime="20240822 11:51:11.060"/>
</kw>
<kw name="Wait Until Page Contains Element" library="SeleniumLibrary">
<arg>${send_sms_button}</arg>
<arg>timeout=30</arg>
<doc>Waits until the element ``locator`` appears on the current page.</doc>
<status status="PASS" starttime="20240822 11:51:11.060" endtime="20240822 11:51:11.102"/>
</kw>
<status status="PASS" starttime="20240822 11:51:10.965" endtime="20240822 11:51:11.102"/>
</kw>
<kw name="Close Browser" library="SeleniumLibrary" type="TEARDOWN">
<doc>Closes the current browser.</doc>
<status status="PASS" starttime="20240822 11:51:11.103" endtime="20240822 11:51:12.394"/>
</kw>
<status status="PASS" starttime="20240822 11:50:55.293" endtime="20240822 11:51:12.395"/>
</test>
<test id="s1-t2" name="Tc02 Verify the click on whats app icon" line="22">
<kw name="Launch Application New" library="login_keywords" type="SETUP">
<kw name="Create Dictionary" library="BuiltIn">
<var>${desired_capabilities}</var>
<arg>browserName=${Browser}</arg>
<arg>browserstack.user=${BROWSERSTACK_USERNAME}</arg>
<arg>browserstack.key=${BROWSERSTACK_ACCESS_KEY}</arg>
<arg>os=Windows</arg>
<arg>os_version=10</arg>
<arg>resolution=1920x1080</arg>
<doc>Creates and returns a dictionary based on the given ``items``.</doc>
<msg timestamp="20240822 11:51:12.397" level="INFO">${desired_capabilities} = {'browserName': 'Edge', 'browserstack.user': 'pritikakade_kqyoOr', 'browserstack.key': 'MMfBZE6sxqz2KNieabxa', 'os': 'Windows', 'os_version': '10', 'resolution': '1920x1080'}</msg>
<status status="PASS" starttime="20240822 11:51:12.397" endtime="20240822 11:51:12.397"/>
</kw>
<kw name="Open Browser" library="SeleniumLibrary">
<arg>https://stg-rr.sportz.io/</arg>
<arg>browser=${Browser}</arg>
<arg>desired_capabilities=${desired_capabilities}</arg>
<arg>remote_url=http://${BROWSERSTACK_USERNAME}:${BROWSERSTACK_ACCESS_KEY}@hub-cloud.browserstack.com/wd/hub</arg>
<doc>Opens a new browser instance to the optional ``url``.</doc>
<msg timestamp="20240822 11:51:12.398" level="WARN">desired_capabilities has been deprecated and removed. Please use options to configure browsers as per documentation.</msg>
<msg timestamp="20240822 11:51:12.399" level="INFO">Opening browser 'Edge' to base url 'https://stg-rr.sportz.io/' through remote server at 'http://pritikakade_kqyoOr:MMfBZE6sxqz2KNieabxa@hub-cloud.browserstack.com/wd/hub'.</msg>
<msg timestamp="20240822 11:51:24.494" level="INFO">Cannot capture screenshot because no browser is open.</msg>
<status status="FAIL" starttime="20240822 11:51:12.397" endtime="20240822 11:51:24.494"/>
</kw>
<kw name="Maximize Browser Window" library="SeleniumLibrary">
<doc>Maximizes current browser window.</doc>
<status status="NOT RUN" starttime="20240822 11:51:24.494" endtime="20240822 11:51:24.494"/>
</kw>
<status status="FAIL" starttime="20240822 11:51:12.397" endtime="20240822 11:51:24.494"/>
</kw>
<kw name="Close Browser" library="SeleniumLibrary" type="TEARDOWN">
<doc>Closes the current browser.</doc>
<status status="PASS" starttime="20240822 11:51:24.495" endtime="20240822 11:51:24.495"/>
</kw>
<status status="FAIL" starttime="20240822 11:51:12.396" endtime="20240822 11:51:24.495">Setup failed:
Execution terminated by signal</status>
</test>
<test id="s1-t3" name="Tc03 Login Step With OTP Existing User" line="30">
<tag>robot:exit</tag>
<status status="FAIL" starttime="20240822 11:51:24.498" endtime="20240822 11:51:24.499">Test execution stopped due to a fatal error.</status>
</test>
<test id="s1-t4" name="Tc04 Verify If New User Enters Mobile Number And Clicks On NO Button" line="40">
<tag>robot:exit</tag>
<status status="FAIL" starttime="20240822 11:51:24.500" endtime="20240822 11:51:24.501">Test execution stopped due to a fatal error.</status>
</test>
<test id="s1-t5" name="Tc05 Verify The OTP Section" line="47">
<tag>robot:exit</tag>
<status status="FAIL" starttime="20240822 11:51:24.502" endtime="20240822 11:51:24.502">Test execution stopped due to a fatal error.</status>
</test>
<test id="s1-t6" name="Tc06 Verify Valid OTP" line="55">
<tag>robot:exit</tag>
<status status="FAIL" starttime="20240822 11:51:24.503" endtime="20240822 11:51:24.503">Test execution stopped due to a fatal error.</status>
</test>
<test id="s1-t7" name="Tc07 Verify Invalid OTP" line="65">
<tag>robot:exit</tag>
<status status="FAIL" starttime="20240822 11:51:24.504" endtime="20240822 11:51:24.504">Test execution stopped due to a fatal error.</status>
</test>
<status status="FAIL" starttime="20240822 11:50:54.033" endtime="20240822 11:51:24.505"/>
</suite>
<statistics>
<total>
<stat pass="1" fail="6" skip="0">All Tests</stat>
</total>
<tag>
<stat pass="1" fail="1" skip="0" info="combined" combined="NOT robot:exit">NOT robot:exit</stat>
</tag>
<suite>
<stat pass="1" fail="6" skip="0" id="s1" name="Login Test">Login Test</stat>
</suite>
</statistics>
<errors>
<msg timestamp="20240822 11:50:55.296" level="WARN">desired_capabilities has been deprecated and removed. Please use options to configure browsers as per documentation.</msg>
<msg timestamp="20240822 11:51:12.398" level="WARN">desired_capabilities has been deprecated and removed. Please use options to configure browsers as per documentation.</msg>
</errors>
</robot>
