<?xml version="1.0" encoding="UTF-8"?>
<robot generator="Robot 6.1.1 (Python 3.12.2 on win32)" generated="20240823 13:04:23.058" rpa="false" schemaversion="4">
<suite id="s1" name="Already Registered User Test" source="C:\Users\Priti\Desktop\git_demo\gitactionsdemo\Mobile\Android\KC\TestCases\Login\already_registered_user_test.robot">
<test id="s1-t1" name="TC-01 Verify Valid Indian Mobile Number" line="21">
<kw name="Open KC application" library="login_keywords" type="SETUP">
<kw name="Get Environment Data" library="user_keywords">
<var>${env_data}</var>
<arg>${android_environment}</arg>
<msg timestamp="20240823 13:04:30.500" level="INFO">${env_data} = {'host': 'http://127.0.0.1:4723', 'platformName': 'Android', 'deviceName': 'bae57ac0', 'application_sdk': 'C:\\Users\\Priti\\Desktop\\git_demo\\gitactionsdemo\\Mobile\\Android\\KC\\TestData\\Applicati...</msg>
<status status="PASS" starttime="20240823 13:04:30.497" endtime="20240823 13:04:30.500"/>
</kw>
<kw name="Create Dictionary" library="BuiltIn">
<var>${env_data}</var>
<arg>&amp;{env_data}</arg>
<doc>Creates and returns a dictionary based on the given ``items``.</doc>
<msg timestamp="20240823 13:04:30.501" level="INFO">${env_data} = {'host': 'http://127.0.0.1:4723', 'platformName': 'Android', 'deviceName': 'bae57ac0', 'application_sdk': 'C:\\Users\\Priti\\Desktop\\git_demo\\gitactionsdemo\\Mobile\\Android\\KC\\TestData\\Applicati...</msg>
<status status="PASS" starttime="20240823 13:04:30.500" endtime="20240823 13:04:30.501"/>
</kw>
<kw name="Open Application" library="AppiumLibrary">
<arg>${env_data.host}</arg>
<arg>platformName=${env_data.platformName}</arg>
<arg>deviceName=${env_data.deviceName}</arg>
<arg>app=${env_data.application_sdk}</arg>
<arg>autoGrantPermissions=true</arg>
<arg>automationName=${env_data.automationName}</arg>
<arg>noReset=false</arg>
<doc>Opens a new application to given Appium server.
Capabilities of appium server, Android and iOS,
Please check https://github.com/appium/appium/blob/master/docs/en/writing-running-appium/server-args.md
| *Option*            | *Man.* | *Description*     |
| remote_url          | Yes    | Appium server url |
| alias               | no     | alias             |
| strict_ssl          | No     | allows you to send commands to an invalid certificate host like a self-signed one. |</doc>
<status status="PASS" starttime="20240823 13:04:30.501" endtime="20240823 13:04:43.788"/>
</kw>
<status status="PASS" starttime="20240823 13:04:30.496" endtime="20240823 13:04:43.789"/>
</kw>
<kw name="Fetch Data By Id" library="user_keywords">
<var>&amp;{login_data}</var>
<arg>${already_registered_user_td}</arg>
<arg>6</arg>
<msg timestamp="20240823 13:04:43.818" level="INFO">&amp;{login_data} = { id=6 | mob_number=7100000016 | otp=123456 | None=None }</msg>
<status status="PASS" starttime="20240823 13:04:43.789" endtime="20240823 13:04:43.818"/>
</kw>
<kw name="Verify Login Screen" library="login_keywords">
<kw name="Wait Until Element Is Visible" library="AppiumLibrary">
<arg>${login_view}</arg>
<arg>timeout=120</arg>
<doc>Waits until element specified with `locator` is visible.</doc>
<msg timestamp="20240823 13:04:53.447" level="INFO">xpath criteria: //android.widget.ScrollView/android.view.ViewGroup
xpath criteria: //android.widget.ScrollView/android.view.ViewGroup
xpath criteria: //android.widget.ScrollView/android.view.ViewGroup
xpath criteria: //android.widget.ScrollView/android.view.ViewGroup
xpath criteria: //android.widget.ScrollView/android.view.ViewGroup
xpath criteria: //android.widget.ScrollView/android.view.ViewGroup
xpath criteria: //android.widget.ScrollView/android.view.ViewGroup
xpath criteria: //android.widget.ScrollView/android.view.ViewGroup
xpath criteria: //android.widget.ScrollView/android.view.ViewGroup
xpath criteria: //android.widget.ScrollView/android.view.ViewGroup
xpath criteria: //android.widget.ScrollView/android.view.ViewGroup
xpath criteria: //android.widget.ScrollView/android.view.ViewGroup</msg>
<status status="PASS" starttime="20240823 13:04:43.819" endtime="20240823 13:04:53.449"/>
</kw>
<status status="PASS" starttime="20240823 13:04:43.819" endtime="20240823 13:04:53.449"/>
</kw>
<kw name="Enter Mobile Number" library="login_keywords">
<arg>${login_data}</arg>
<kw name="Log" library="BuiltIn">
<arg>${user_data}</arg>
<doc>Logs the given message with the given level.</doc>
<msg timestamp="20240823 13:04:53.451" level="INFO">{'id': '6', 'mob_number': '7100000016', 'otp': '123456', None: None}</msg>
<status status="PASS" starttime="20240823 13:04:53.450" endtime="20240823 13:04:53.451"/>
</kw>
<kw name="Input Text" library="AppiumLibrary">
<arg>${mobile_field}</arg>
<arg>${user_data.mob_number}</arg>
<doc>Types the given `text` into text field identified by `locator`.</doc>
<msg timestamp="20240823 13:04:53.462" level="INFO">Typing text '7100000016' into text field '//android.widget.EditText[@resource-id="com.knightclub.app:id/et_mobile"]'</msg>
<msg timestamp="20240823 13:04:54.364" level="INFO">xpath criteria: //android.widget.EditText[@resource-id="com.knightclub.app:id/et_mobile"]</msg>
<status status="PASS" starttime="20240823 13:04:53.451" endtime="20240823 13:04:54.364"/>
</kw>
<status status="PASS" starttime="20240823 13:04:53.450" endtime="20240823 13:04:54.364"/>
</kw>
<kw name="Click On Request Otp Button" library="login_keywords">
<kw name="Wait Until Element Is Visible" library="AppiumLibrary">
<arg>${request_otp_btn}</arg>
<doc>Waits until element specified with `locator` is visible.</doc>
<msg timestamp="20240823 13:04:55.199" level="INFO">xpath criteria: //android.widget.Button[@text="REQUEST OTP"]</msg>
<status status="PASS" starttime="20240823 13:04:54.366" endtime="20240823 13:04:55.199"/>
</kw>
<kw name="Click Element" library="AppiumLibrary">
<arg>${request_otp_btn}</arg>
<doc>Click element identified by `locator`.</doc>
<msg timestamp="20240823 13:04:55.208" level="INFO">Clicking element '//android.widget.Button[@text="REQUEST OTP"]'.</msg>
<msg timestamp="20240823 13:04:55.568" level="INFO">xpath criteria: //android.widget.Button[@text="REQUEST OTP"]</msg>
<status status="PASS" starttime="20240823 13:04:55.199" endtime="20240823 13:04:55.569"/>
</kw>
<status status="PASS" starttime="20240823 13:04:54.365" endtime="20240823 13:04:55.570"/>
</kw>
<kw name="Check Otp Screen" library="login_keywords">
<kw name="Wait Until Element Is Visible" library="AppiumLibrary">
<arg>${otp_screen}</arg>
<arg>timeout=30</arg>
<doc>Waits until element specified with `locator` is visible.</doc>
<msg timestamp="20240823 13:05:03.300" level="INFO">xpath criteria: //android.widget.LinearLayout[@resource-id="com.knightclub.app:id/inc_otp_verification"]
xpath criteria: //android.widget.LinearLayout[@resource-id="com.knightclub.app:id/inc_otp_verification"]
xpath criteria: //android.widget.LinearLayout[@resource-id="com.knightclub.app:id/inc_otp_verification"]
xpath criteria: //android.widget.LinearLayout[@resource-id="com.knightclub.app:id/inc_otp_verification"]
xpath criteria: //android.widget.LinearLayout[@resource-id="com.knightclub.app:id/inc_otp_verification"]
xpath criteria: //android.widget.LinearLayout[@resource-id="com.knightclub.app:id/inc_otp_verification"]
xpath criteria: //android.widget.LinearLayout[@resource-id="com.knightclub.app:id/inc_otp_verification"]
xpath criteria: //android.widget.LinearLayout[@resource-id="com.knightclub.app:id/inc_otp_verification"]
xpath criteria: //android.widget.LinearLayout[@resource-id="com.knightclub.app:id/inc_otp_verification"]
xpath criteria: //android.widget.LinearLayout[@resource-id="com.knightclub.app:id/inc_otp_verification"]</msg>
<status status="PASS" starttime="20240823 13:04:55.571" endtime="20240823 13:05:03.300"/>
</kw>
<kw name="Element Should Be Visible" library="AppiumLibrary">
<arg>${otp_screen}</arg>
<doc>Verifies that element identified with locator is visible.</doc>
<msg timestamp="20240823 13:05:04.204" level="INFO">xpath criteria: //android.widget.LinearLayout[@resource-id="com.knightclub.app:id/inc_otp_verification"]</msg>
<status status="PASS" starttime="20240823 13:05:03.300" endtime="20240823 13:05:04.204"/>
</kw>
<status status="PASS" starttime="20240823 13:04:55.570" endtime="20240823 13:05:04.204"/>
</kw>
<kw name="Close Application" library="AppiumLibrary" type="TEARDOWN">
<doc>Closes the current application and also close webdriver session.</doc>
<status status="PASS" starttime="20240823 13:05:04.205" endtime="20240823 13:05:04.837"/>
</kw>
<status status="PASS" starttime="20240823 13:04:30.496" endtime="20240823 13:05:04.838"/>
</test>
<test id="s1-t2" name="TC-02 Verify User Can Request An Otp For Login" line="28">
<kw name="Open KC application" library="login_keywords" type="SETUP">
<kw name="Get Environment Data" library="user_keywords">
<var>${env_data}</var>
<arg>${android_environment}</arg>
<msg timestamp="20240823 13:05:04.845" level="INFO">${env_data} = {'host': 'http://127.0.0.1:4723', 'platformName': 'Android', 'deviceName': 'bae57ac0', 'application_sdk': 'C:\\Users\\Priti\\Desktop\\git_demo\\gitactionsdemo\\Mobile\\Android\\KC\\TestData\\Applicati...</msg>
<status status="PASS" starttime="20240823 13:05:04.842" endtime="20240823 13:05:04.845"/>
</kw>
<kw name="Create Dictionary" library="BuiltIn">
<var>${env_data}</var>
<arg>&amp;{env_data}</arg>
<doc>Creates and returns a dictionary based on the given ``items``.</doc>
<msg timestamp="20240823 13:05:04.846" level="INFO">${env_data} = {'host': 'http://127.0.0.1:4723', 'platformName': 'Android', 'deviceName': 'bae57ac0', 'application_sdk': 'C:\\Users\\Priti\\Desktop\\git_demo\\gitactionsdemo\\Mobile\\Android\\KC\\TestData\\Applicati...</msg>
<status status="PASS" starttime="20240823 13:05:04.845" endtime="20240823 13:05:04.846"/>
</kw>
<kw name="Open Application" library="AppiumLibrary">
<arg>${env_data.host}</arg>
<arg>platformName=${env_data.platformName}</arg>
<arg>deviceName=${env_data.deviceName}</arg>
<arg>app=${env_data.application_sdk}</arg>
<arg>autoGrantPermissions=true</arg>
<arg>automationName=${env_data.automationName}</arg>
<arg>noReset=false</arg>
<doc>Opens a new application to given Appium server.
Capabilities of appium server, Android and iOS,
Please check https://github.com/appium/appium/blob/master/docs/en/writing-running-appium/server-args.md
| *Option*            | *Man.* | *Description*     |
| remote_url          | Yes    | Appium server url |
| alias               | no     | alias             |
| strict_ssl          | No     | allows you to send commands to an invalid certificate host like a self-signed one. |</doc>
<status status="PASS" starttime="20240823 13:05:04.847" endtime="20240823 13:05:15.322"/>
</kw>
<status status="PASS" starttime="20240823 13:05:04.842" endtime="20240823 13:05:15.322"/>
</kw>
<kw name="Fetch Data By Id" library="user_keywords">
<var>&amp;{login_data}</var>
<arg>${already_registered_user_td}</arg>
<arg>2</arg>
<msg timestamp="20240823 13:05:15.361" level="INFO">&amp;{login_data} = { id=2 | mob_number=7100000012 | otp=123456 | None=None }</msg>
<status status="PASS" starttime="20240823 13:05:15.323" endtime="20240823 13:05:15.361"/>
</kw>
<kw name="Verify Login Screen" library="login_keywords">
<kw name="Wait Until Element Is Visible" library="AppiumLibrary">
<arg>${login_view}</arg>
<arg>timeout=120</arg>
<doc>Waits until element specified with `locator` is visible.</doc>
<msg timestamp="20240823 13:05:24.890" level="INFO">xpath criteria: //android.widget.ScrollView/android.view.ViewGroup
xpath criteria: //android.widget.ScrollView/android.view.ViewGroup
xpath criteria: //android.widget.ScrollView/android.view.ViewGroup
xpath criteria: //android.widget.ScrollView/android.view.ViewGroup
xpath criteria: //android.widget.ScrollView/android.view.ViewGroup
xpath criteria: //android.widget.ScrollView/android.view.ViewGroup
xpath criteria: //android.widget.ScrollView/android.view.ViewGroup
xpath criteria: //android.widget.ScrollView/android.view.ViewGroup
xpath criteria: //android.widget.ScrollView/android.view.ViewGroup
xpath criteria: //android.widget.ScrollView/android.view.ViewGroup
xpath criteria: //android.widget.ScrollView/android.view.ViewGroup
xpath criteria: //android.widget.ScrollView/android.view.ViewGroup</msg>
<status status="PASS" starttime="20240823 13:05:15.363" endtime="20240823 13:05:24.892"/>
</kw>
<status status="PASS" starttime="20240823 13:05:15.361" endtime="20240823 13:05:24.892"/>
</kw>
<kw name="Enter Mobile Number" library="login_keywords">
<arg>${login_data}</arg>
<kw name="Log" library="BuiltIn">
<arg>${user_data}</arg>
<doc>Logs the given message with the given level.</doc>
<msg timestamp="20240823 13:05:24.894" level="INFO">{'id': '2', 'mob_number': '7100000012', 'otp': '123456', None: None}</msg>
<status status="PASS" starttime="20240823 13:05:24.893" endtime="20240823 13:05:24.894"/>
</kw>
<kw name="Input Text" library="AppiumLibrary">
<arg>${mobile_field}</arg>
<arg>${user_data.mob_number}</arg>
<doc>Types the given `text` into text field identified by `locator`.</doc>
<msg timestamp="20240823 13:05:24.909" level="INFO">Typing text '7100000012' into text field '//android.widget.EditText[@resource-id="com.knightclub.app:id/et_mobile"]'</msg>
<msg timestamp="20240823 13:05:25.781" level="INFO">xpath criteria: //android.widget.EditText[@resource-id="com.knightclub.app:id/et_mobile"]</msg>
<status status="PASS" starttime="20240823 13:05:24.894" endtime="20240823 13:05:25.781"/>
</kw>
<status status="PASS" starttime="20240823 13:05:24.893" endtime="20240823 13:05:25.781"/>
</kw>
<kw name="Click On Request Otp Button" library="login_keywords">
<kw name="Wait Until Element Is Visible" library="AppiumLibrary">
<arg>${request_otp_btn}</arg>
<doc>Waits until element specified with `locator` is visible.</doc>
<msg timestamp="20240823 13:05:26.641" level="INFO">xpath criteria: //android.widget.Button[@text="REQUEST OTP"]</msg>
<status status="PASS" starttime="20240823 13:05:25.782" endtime="20240823 13:05:26.641"/>
</kw>
<kw name="Click Element" library="AppiumLibrary">
<arg>${request_otp_btn}</arg>
<doc>Click element identified by `locator`.</doc>
<msg timestamp="20240823 13:05:26.657" level="INFO">Clicking element '//android.widget.Button[@text="REQUEST OTP"]'.</msg>
<msg timestamp="20240823 13:05:27.062" level="INFO">xpath criteria: //android.widget.Button[@text="REQUEST OTP"]</msg>
<status status="PASS" starttime="20240823 13:05:26.641" endtime="20240823 13:05:27.062"/>
</kw>
<status status="PASS" starttime="20240823 13:05:25.782" endtime="20240823 13:05:27.063"/>
</kw>
<kw name="Check Otp Screen" library="login_keywords">
<kw name="Wait Until Element Is Visible" library="AppiumLibrary">
<arg>${otp_screen}</arg>
<arg>timeout=30</arg>
<doc>Waits until element specified with `locator` is visible.</doc>
<msg timestamp="20240823 13:05:34.589" level="INFO">xpath criteria: //android.widget.LinearLayout[@resource-id="com.knightclub.app:id/inc_otp_verification"]
xpath criteria: //android.widget.LinearLayout[@resource-id="com.knightclub.app:id/inc_otp_verification"]
xpath criteria: //android.widget.LinearLayout[@resource-id="com.knightclub.app:id/inc_otp_verification"]
xpath criteria: //android.widget.LinearLayout[@resource-id="com.knightclub.app:id/inc_otp_verification"]
xpath criteria: //android.widget.LinearLayout[@resource-id="com.knightclub.app:id/inc_otp_verification"]
xpath criteria: //android.widget.LinearLayout[@resource-id="com.knightclub.app:id/inc_otp_verification"]
xpath criteria: //android.widget.LinearLayout[@resource-id="com.knightclub.app:id/inc_otp_verification"]
xpath criteria: //android.widget.LinearLayout[@resource-id="com.knightclub.app:id/inc_otp_verification"]
xpath criteria: //android.widget.LinearLayout[@resource-id="com.knightclub.app:id/inc_otp_verification"]
xpath criteria: //android.widget.LinearLayout[@resource-id="com.knightclub.app:id/inc_otp_verification"]
xpath criteria: //android.widget.LinearLayout[@resource-id="com.knightclub.app:id/inc_otp_verification"]</msg>
<status status="PASS" starttime="20240823 13:05:27.065" endtime="20240823 13:05:34.589"/>
</kw>
<kw name="Element Should Be Visible" library="AppiumLibrary">
<arg>${otp_screen}</arg>
<doc>Verifies that element identified with locator is visible.</doc>
<msg timestamp="20240823 13:05:35.480" level="INFO">xpath criteria: //android.widget.LinearLayout[@resource-id="com.knightclub.app:id/inc_otp_verification"]</msg>
<status status="PASS" starttime="20240823 13:05:34.589" endtime="20240823 13:05:35.480"/>
</kw>
<status status="PASS" starttime="20240823 13:05:27.064" endtime="20240823 13:05:35.480"/>
</kw>
<kw name="Close Application" library="AppiumLibrary" type="TEARDOWN">
<doc>Closes the current application and also close webdriver session.</doc>
<status status="PASS" starttime="20240823 13:05:35.481" endtime="20240823 13:05:36.141"/>
</kw>
<status status="PASS" starttime="20240823 13:05:04.842" endtime="20240823 13:05:36.141"/>
</test>
<test id="s1-t3" name="TC-01 Verify Valid Indian Mobile Number" line="35">
<kw name="Open KC application" library="login_keywords" type="SETUP">
<kw name="Get Environment Data" library="user_keywords">
<var>${env_data}</var>
<arg>${android_environment}</arg>
<msg timestamp="20240823 13:05:36.153" level="INFO">${env_data} = {'host': 'http://127.0.0.1:4723', 'platformName': 'Android', 'deviceName': 'bae57ac0', 'application_sdk': 'C:\\Users\\Priti\\Desktop\\git_demo\\gitactionsdemo\\Mobile\\Android\\KC\\TestData\\Applicati...</msg>
<status status="PASS" starttime="20240823 13:05:36.149" endtime="20240823 13:05:36.153"/>
</kw>
<kw name="Create Dictionary" library="BuiltIn">
<var>${env_data}</var>
<arg>&amp;{env_data}</arg>
<doc>Creates and returns a dictionary based on the given ``items``.</doc>
<msg timestamp="20240823 13:05:36.154" level="INFO">${env_data} = {'host': 'http://127.0.0.1:4723', 'platformName': 'Android', 'deviceName': 'bae57ac0', 'application_sdk': 'C:\\Users\\Priti\\Desktop\\git_demo\\gitactionsdemo\\Mobile\\Android\\KC\\TestData\\Applicati...</msg>
<status status="PASS" starttime="20240823 13:05:36.153" endtime="20240823 13:05:36.154"/>
</kw>
<kw name="Open Application" library="AppiumLibrary">
<arg>${env_data.host}</arg>
<arg>platformName=${env_data.platformName}</arg>
<arg>deviceName=${env_data.deviceName}</arg>
<arg>app=${env_data.application_sdk}</arg>
<arg>autoGrantPermissions=true</arg>
<arg>automationName=${env_data.automationName}</arg>
<arg>noReset=false</arg>
<doc>Opens a new application to given Appium server.
Capabilities of appium server, Android and iOS,
Please check https://github.com/appium/appium/blob/master/docs/en/writing-running-appium/server-args.md
| *Option*            | *Man.* | *Description*     |
| remote_url          | Yes    | Appium server url |
| alias               | no     | alias             |
| strict_ssl          | No     | allows you to send commands to an invalid certificate host like a self-signed one. |</doc>
<status status="PASS" starttime="20240823 13:05:36.154" endtime="20240823 13:05:46.669"/>
</kw>
<status status="PASS" starttime="20240823 13:05:36.148" endtime="20240823 13:05:46.669"/>
</kw>
<kw name="Fetch Data By Id" library="user_keywords">
<var>&amp;{login_data}</var>
<arg>${already_registered_user_td}</arg>
<arg>6</arg>
<msg timestamp="20240823 13:05:46.707" level="INFO">&amp;{login_data} = { id=6 | mob_number=7100000016 | otp=123456 | None=None }</msg>
<status status="PASS" starttime="20240823 13:05:46.670" endtime="20240823 13:05:46.707"/>
</kw>
<kw name="Verify Login Screen" library="login_keywords">
<kw name="Wait Until Element Is Visible" library="AppiumLibrary">
<arg>${login_view}</arg>
<arg>timeout=120</arg>
<doc>Waits until element specified with `locator` is visible.</doc>
<msg timestamp="20240823 13:05:56.310" level="INFO">xpath criteria: //android.widget.ScrollView/android.view.ViewGroup
xpath criteria: //android.widget.ScrollView/android.view.ViewGroup
xpath criteria: //android.widget.ScrollView/android.view.ViewGroup
xpath criteria: //android.widget.ScrollView/android.view.ViewGroup
xpath criteria: //android.widget.ScrollView/android.view.ViewGroup
xpath criteria: //android.widget.ScrollView/android.view.ViewGroup
xpath criteria: //android.widget.ScrollView/android.view.ViewGroup
xpath criteria: //android.widget.ScrollView/android.view.ViewGroup
xpath criteria: //android.widget.ScrollView/android.view.ViewGroup
xpath criteria: //android.widget.ScrollView/android.view.ViewGroup
xpath criteria: //android.widget.ScrollView/android.view.ViewGroup
xpath criteria: //android.widget.ScrollView/android.view.ViewGroup</msg>
<status status="PASS" starttime="20240823 13:05:46.708" endtime="20240823 13:05:56.310"/>
</kw>
<status status="PASS" starttime="20240823 13:05:46.708" endtime="20240823 13:05:56.310"/>
</kw>
<kw name="Enter Mobile Number" library="login_keywords">
<arg>${login_data}</arg>
<kw name="Log" library="BuiltIn">
<arg>${user_data}</arg>
<doc>Logs the given message with the given level.</doc>
<msg timestamp="20240823 13:05:56.313" level="INFO">{'id': '6', 'mob_number': '7100000016', 'otp': '123456', None: None}</msg>
<status status="PASS" starttime="20240823 13:05:56.311" endtime="20240823 13:05:56.313"/>
</kw>
<kw name="Input Text" library="AppiumLibrary">
<arg>${mobile_field}</arg>
<arg>${user_data.mob_number}</arg>
<doc>Types the given `text` into text field identified by `locator`.</doc>
<msg timestamp="20240823 13:05:56.326" level="INFO">Typing text '7100000016' into text field '//android.widget.EditText[@resource-id="com.knightclub.app:id/et_mobile"]'</msg>
<msg timestamp="20240823 13:05:57.207" level="INFO">xpath criteria: //android.widget.EditText[@resource-id="com.knightclub.app:id/et_mobile"]</msg>
<status status="PASS" starttime="20240823 13:05:56.313" endtime="20240823 13:05:57.207"/>
</kw>
<status status="PASS" starttime="20240823 13:05:56.311" endtime="20240823 13:05:57.207"/>
</kw>
<kw name="Click On Request Otp Button" library="login_keywords">
<kw name="Wait Until Element Is Visible" library="AppiumLibrary">
<arg>${request_otp_btn}</arg>
<doc>Waits until element specified with `locator` is visible.</doc>
<msg timestamp="20240823 13:05:58.121" level="INFO">xpath criteria: //android.widget.Button[@text="REQUEST OTP"]</msg>
<status status="PASS" starttime="20240823 13:05:57.208" endtime="20240823 13:05:58.121"/>
</kw>
<kw name="Click Element" library="AppiumLibrary">
<arg>${request_otp_btn}</arg>
<doc>Click element identified by `locator`.</doc>
<msg timestamp="20240823 13:05:58.138" level="INFO">Clicking element '//android.widget.Button[@text="REQUEST OTP"]'.</msg>
<msg timestamp="20240823 13:05:58.535" level="INFO">xpath criteria: //android.widget.Button[@text="REQUEST OTP"]</msg>
<status status="PASS" starttime="20240823 13:05:58.122" endtime="20240823 13:05:58.536"/>
</kw>
<status status="PASS" starttime="20240823 13:05:57.208" endtime="20240823 13:05:58.537"/>
</kw>
<kw name="Check Otp Screen" library="login_keywords">
<kw name="Wait Until Element Is Visible" library="AppiumLibrary">
<arg>${otp_screen}</arg>
<arg>timeout=30</arg>
<doc>Waits until element specified with `locator` is visible.</doc>
<msg timestamp="20240823 13:06:06.533" level="INFO">xpath criteria: //android.widget.LinearLayout[@resource-id="com.knightclub.app:id/inc_otp_verification"]
xpath criteria: //android.widget.LinearLayout[@resource-id="com.knightclub.app:id/inc_otp_verification"]
xpath criteria: //android.widget.LinearLayout[@resource-id="com.knightclub.app:id/inc_otp_verification"]
xpath criteria: //android.widget.LinearLayout[@resource-id="com.knightclub.app:id/inc_otp_verification"]
xpath criteria: //android.widget.LinearLayout[@resource-id="com.knightclub.app:id/inc_otp_verification"]
xpath criteria: //android.widget.LinearLayout[@resource-id="com.knightclub.app:id/inc_otp_verification"]
xpath criteria: //android.widget.LinearLayout[@resource-id="com.knightclub.app:id/inc_otp_verification"]
xpath criteria: //android.widget.LinearLayout[@resource-id="com.knightclub.app:id/inc_otp_verification"]
xpath criteria: //android.widget.LinearLayout[@resource-id="com.knightclub.app:id/inc_otp_verification"]
xpath criteria: //android.widget.LinearLayout[@resource-id="com.knightclub.app:id/inc_otp_verification"]
xpath criteria: //android.widget.LinearLayout[@resource-id="com.knightclub.app:id/inc_otp_verification"]</msg>
<status status="PASS" starttime="20240823 13:05:58.538" endtime="20240823 13:06:06.533"/>
</kw>
<kw name="Element Should Be Visible" library="AppiumLibrary">
<arg>${otp_screen}</arg>
<doc>Verifies that element identified with locator is visible.</doc>
<msg timestamp="20240823 13:06:07.430" level="INFO">xpath criteria: //android.widget.LinearLayout[@resource-id="com.knightclub.app:id/inc_otp_verification"]</msg>
<status status="PASS" starttime="20240823 13:06:06.534" endtime="20240823 13:06:07.430"/>
</kw>
<status status="PASS" starttime="20240823 13:05:58.538" endtime="20240823 13:06:07.430"/>
</kw>
<kw name="Close Application" library="AppiumLibrary" type="TEARDOWN">
<doc>Closes the current application and also close webdriver session.</doc>
<status status="PASS" starttime="20240823 13:06:07.431" endtime="20240823 13:06:08.092"/>
</kw>
<status status="PASS" starttime="20240823 13:05:36.147" endtime="20240823 13:06:08.093"/>
</test>
<test id="s1-t4" name="TC-02 Verify User Can Request An Otp For Login" line="42">
<kw name="Open KC application" library="login_keywords" type="SETUP">
<kw name="Get Environment Data" library="user_keywords">
<var>${env_data}</var>
<arg>${android_environment}</arg>
<msg timestamp="20240823 13:06:08.103" level="INFO">${env_data} = {'host': 'http://127.0.0.1:4723', 'platformName': 'Android', 'deviceName': 'bae57ac0', 'application_sdk': 'C:\\Users\\Priti\\Desktop\\git_demo\\gitactionsdemo\\Mobile\\Android\\KC\\TestData\\Applicati...</msg>
<status status="PASS" starttime="20240823 13:06:08.099" endtime="20240823 13:06:08.103"/>
</kw>
<kw name="Create Dictionary" library="BuiltIn">
<var>${env_data}</var>
<arg>&amp;{env_data}</arg>
<doc>Creates and returns a dictionary based on the given ``items``.</doc>
<msg timestamp="20240823 13:06:08.104" level="INFO">${env_data} = {'host': 'http://127.0.0.1:4723', 'platformName': 'Android', 'deviceName': 'bae57ac0', 'application_sdk': 'C:\\Users\\Priti\\Desktop\\git_demo\\gitactionsdemo\\Mobile\\Android\\KC\\TestData\\Applicati...</msg>
<status status="PASS" starttime="20240823 13:06:08.103" endtime="20240823 13:06:08.104"/>
</kw>
<kw name="Open Application" library="AppiumLibrary">
<arg>${env_data.host}</arg>
<arg>platformName=${env_data.platformName}</arg>
<arg>deviceName=${env_data.deviceName}</arg>
<arg>app=${env_data.application_sdk}</arg>
<arg>autoGrantPermissions=true</arg>
<arg>automationName=${env_data.automationName}</arg>
<arg>noReset=false</arg>
<doc>Opens a new application to given Appium server.
Capabilities of appium server, Android and iOS,
Please check https://github.com/appium/appium/blob/master/docs/en/writing-running-appium/server-args.md
| *Option*            | *Man.* | *Description*     |
| remote_url          | Yes    | Appium server url |
| alias               | no     | alias             |
| strict_ssl          | No     | allows you to send commands to an invalid certificate host like a self-signed one. |</doc>
<status status="PASS" starttime="20240823 13:06:08.104" endtime="20240823 13:06:18.471"/>
</kw>
<status status="PASS" starttime="20240823 13:06:08.099" endtime="20240823 13:06:18.471"/>
</kw>
<kw name="Fetch Data By Id" library="user_keywords">
<var>&amp;{login_data}</var>
<arg>${already_registered_user_td}</arg>
<arg>2</arg>
<msg timestamp="20240823 13:06:18.501" level="INFO">&amp;{login_data} = { id=2 | mob_number=7100000012 | otp=123456 | None=None }</msg>
<status status="PASS" starttime="20240823 13:06:18.472" endtime="20240823 13:06:18.501"/>
</kw>
<kw name="Verify Login Screen" library="login_keywords">
<kw name="Wait Until Element Is Visible" library="AppiumLibrary">
<arg>${login_view}</arg>
<arg>timeout=120</arg>
<doc>Waits until element specified with `locator` is visible.</doc>
<msg timestamp="20240823 13:06:27.545" level="INFO">xpath criteria: //android.widget.ScrollView/android.view.ViewGroup
xpath criteria: //android.widget.ScrollView/android.view.ViewGroup
xpath criteria: //android.widget.ScrollView/android.view.ViewGroup
xpath criteria: //android.widget.ScrollView/android.view.ViewGroup
xpath criteria: //android.widget.ScrollView/android.view.ViewGroup
xpath criteria: //android.widget.ScrollView/android.view.ViewGroup
xpath criteria: //android.widget.ScrollView/android.view.ViewGroup
xpath criteria: //android.widget.ScrollView/android.view.ViewGroup
xpath criteria: //android.widget.ScrollView/android.view.ViewGroup
xpath criteria: //android.widget.ScrollView/android.view.ViewGroup
xpath criteria: //android.widget.ScrollView/android.view.ViewGroup
xpath criteria: //android.widget.ScrollView/android.view.ViewGroup
xpath criteria: //android.widget.ScrollView/android.view.ViewGroup</msg>
<status status="PASS" starttime="20240823 13:06:18.502" endtime="20240823 13:06:27.545"/>
</kw>
<status status="PASS" starttime="20240823 13:06:18.502" endtime="20240823 13:06:27.545"/>
</kw>
<kw name="Enter Mobile Number" library="login_keywords">
<arg>${login_data}</arg>
<kw name="Log" library="BuiltIn">
<arg>${user_data}</arg>
<doc>Logs the given message with the given level.</doc>
<msg timestamp="20240823 13:06:27.548" level="INFO">{'id': '2', 'mob_number': '7100000012', 'otp': '123456', None: None}</msg>
<status status="PASS" starttime="20240823 13:06:27.548" endtime="20240823 13:06:27.548"/>
</kw>
<kw name="Input Text" library="AppiumLibrary">
<arg>${mobile_field}</arg>
<arg>${user_data.mob_number}</arg>
<doc>Types the given `text` into text field identified by `locator`.</doc>
<msg timestamp="20240823 13:06:27.572" level="INFO">Typing text '7100000012' into text field '//android.widget.EditText[@resource-id="com.knightclub.app:id/et_mobile"]'</msg>
<msg timestamp="20240823 13:06:28.468" level="INFO">xpath criteria: //android.widget.EditText[@resource-id="com.knightclub.app:id/et_mobile"]</msg>
<status status="PASS" starttime="20240823 13:06:27.549" endtime="20240823 13:06:28.468"/>
</kw>
<status status="PASS" starttime="20240823 13:06:27.546" endtime="20240823 13:06:28.468"/>
</kw>
<kw name="Click On Request Otp Button" library="login_keywords">
<kw name="Wait Until Element Is Visible" library="AppiumLibrary">
<arg>${request_otp_btn}</arg>
<doc>Waits until element specified with `locator` is visible.</doc>
<msg timestamp="20240823 13:06:29.374" level="INFO">xpath criteria: //android.widget.Button[@text="REQUEST OTP"]</msg>
<status status="PASS" starttime="20240823 13:06:28.469" endtime="20240823 13:06:29.374"/>
</kw>
<kw name="Click Element" library="AppiumLibrary">
<arg>${request_otp_btn}</arg>
<doc>Click element identified by `locator`.</doc>
<msg timestamp="20240823 13:06:29.390" level="INFO">Clicking element '//android.widget.Button[@text="REQUEST OTP"]'.</msg>
<msg timestamp="20240823 13:06:29.786" level="INFO">xpath criteria: //android.widget.Button[@text="REQUEST OTP"]</msg>
<status status="PASS" starttime="20240823 13:06:29.374" endtime="20240823 13:06:29.786"/>
</kw>
<status status="PASS" starttime="20240823 13:06:28.469" endtime="20240823 13:06:29.786"/>
</kw>
<kw name="Check Otp Screen" library="login_keywords">
<kw name="Wait Until Element Is Visible" library="AppiumLibrary">
<arg>${otp_screen}</arg>
<arg>timeout=30</arg>
<doc>Waits until element specified with `locator` is visible.</doc>
<msg timestamp="20240823 13:06:37.841" level="INFO">xpath criteria: //android.widget.LinearLayout[@resource-id="com.knightclub.app:id/inc_otp_verification"]
xpath criteria: //android.widget.LinearLayout[@resource-id="com.knightclub.app:id/inc_otp_verification"]
xpath criteria: //android.widget.LinearLayout[@resource-id="com.knightclub.app:id/inc_otp_verification"]
xpath criteria: //android.widget.LinearLayout[@resource-id="com.knightclub.app:id/inc_otp_verification"]
xpath criteria: //android.widget.LinearLayout[@resource-id="com.knightclub.app:id/inc_otp_verification"]
xpath criteria: //android.widget.LinearLayout[@resource-id="com.knightclub.app:id/inc_otp_verification"]
xpath criteria: //android.widget.LinearLayout[@resource-id="com.knightclub.app:id/inc_otp_verification"]
xpath criteria: //android.widget.LinearLayout[@resource-id="com.knightclub.app:id/inc_otp_verification"]
xpath criteria: //android.widget.LinearLayout[@resource-id="com.knightclub.app:id/inc_otp_verification"]
xpath criteria: //android.widget.LinearLayout[@resource-id="com.knightclub.app:id/inc_otp_verification"]
xpath criteria: //android.widget.LinearLayout[@resource-id="com.knightclub.app:id/inc_otp_verification"]
xpath criteria: //android.widget.LinearLayout[@resource-id="com.knightclub.app:id/inc_otp_verification"]</msg>
<status status="PASS" starttime="20240823 13:06:29.789" endtime="20240823 13:06:37.841"/>
</kw>
<kw name="Element Should Be Visible" library="AppiumLibrary">
<arg>${otp_screen}</arg>
<doc>Verifies that element identified with locator is visible.</doc>
<msg timestamp="20240823 13:06:38.731" level="INFO">xpath criteria: //android.widget.LinearLayout[@resource-id="com.knightclub.app:id/inc_otp_verification"]</msg>
<status status="PASS" starttime="20240823 13:06:37.842" endtime="20240823 13:06:38.732"/>
</kw>
<status status="PASS" starttime="20240823 13:06:29.787" endtime="20240823 13:06:38.733"/>
</kw>
<kw name="Close Application" library="AppiumLibrary" type="TEARDOWN">
<doc>Closes the current application and also close webdriver session.</doc>
<status status="PASS" starttime="20240823 13:06:38.734" endtime="20240823 13:06:39.394"/>
</kw>
<status status="PASS" starttime="20240823 13:06:08.098" endtime="20240823 13:06:39.394"/>
</test>
<test id="s1-t5" name="TC-01 Verify Valid Indian Mobile Number" line="49">
<kw name="Open KC application" library="login_keywords" type="SETUP">
<kw name="Get Environment Data" library="user_keywords">
<var>${env_data}</var>
<arg>${android_environment}</arg>
<msg timestamp="20240823 13:06:39.403" level="INFO">${env_data} = {'host': 'http://127.0.0.1:4723', 'platformName': 'Android', 'deviceName': 'bae57ac0', 'application_sdk': 'C:\\Users\\Priti\\Desktop\\git_demo\\gitactionsdemo\\Mobile\\Android\\KC\\TestData\\Applicati...</msg>
<status status="PASS" starttime="20240823 13:06:39.400" endtime="20240823 13:06:39.403"/>
</kw>
<kw name="Create Dictionary" library="BuiltIn">
<var>${env_data}</var>
<arg>&amp;{env_data}</arg>
<doc>Creates and returns a dictionary based on the given ``items``.</doc>
<msg timestamp="20240823 13:06:39.404" level="INFO">${env_data} = {'host': 'http://127.0.0.1:4723', 'platformName': 'Android', 'deviceName': 'bae57ac0', 'application_sdk': 'C:\\Users\\Priti\\Desktop\\git_demo\\gitactionsdemo\\Mobile\\Android\\KC\\TestData\\Applicati...</msg>
<status status="PASS" starttime="20240823 13:06:39.404" endtime="20240823 13:06:39.404"/>
</kw>
<kw name="Open Application" library="AppiumLibrary">
<arg>${env_data.host}</arg>
<arg>platformName=${env_data.platformName}</arg>
<arg>deviceName=${env_data.deviceName}</arg>
<arg>app=${env_data.application_sdk}</arg>
<arg>autoGrantPermissions=true</arg>
<arg>automationName=${env_data.automationName}</arg>
<arg>noReset=false</arg>
<doc>Opens a new application to given Appium server.
Capabilities of appium server, Android and iOS,
Please check https://github.com/appium/appium/blob/master/docs/en/writing-running-appium/server-args.md
| *Option*            | *Man.* | *Description*     |
| remote_url          | Yes    | Appium server url |
| alias               | no     | alias             |
| strict_ssl          | No     | allows you to send commands to an invalid certificate host like a self-signed one. |</doc>
<status status="PASS" starttime="20240823 13:06:39.404" endtime="20240823 13:06:49.948"/>
</kw>
<status status="PASS" starttime="20240823 13:06:39.399" endtime="20240823 13:06:49.948"/>
</kw>
<kw name="Fetch Data By Id" library="user_keywords">
<var>&amp;{login_data}</var>
<arg>${already_registered_user_td}</arg>
<arg>6</arg>
<msg timestamp="20240823 13:06:49.973" level="INFO">&amp;{login_data} = { id=6 | mob_number=7100000016 | otp=123456 | None=None }</msg>
<status status="PASS" starttime="20240823 13:06:49.950" endtime="20240823 13:06:49.973"/>
</kw>
<kw name="Verify Login Screen" library="login_keywords">
<kw name="Wait Until Element Is Visible" library="AppiumLibrary">
<arg>${login_view}</arg>
<arg>timeout=120</arg>
<doc>Waits until element specified with `locator` is visible.</doc>
<msg timestamp="20240823 13:06:58.862" level="INFO">xpath criteria: //android.widget.ScrollView/android.view.ViewGroup
xpath criteria: //android.widget.ScrollView/android.view.ViewGroup
xpath criteria: //android.widget.ScrollView/android.view.ViewGroup
xpath criteria: //android.widget.ScrollView/android.view.ViewGroup
xpath criteria: //android.widget.ScrollView/android.view.ViewGroup
xpath criteria: //android.widget.ScrollView/android.view.ViewGroup
xpath criteria: //android.widget.ScrollView/android.view.ViewGroup
xpath criteria: //android.widget.ScrollView/android.view.ViewGroup
xpath criteria: //android.widget.ScrollView/android.view.ViewGroup
xpath criteria: //android.widget.ScrollView/android.view.ViewGroup
xpath criteria: //android.widget.ScrollView/android.view.ViewGroup
xpath criteria: //android.widget.ScrollView/android.view.ViewGroup</msg>
<status status="PASS" starttime="20240823 13:06:49.975" endtime="20240823 13:06:58.862"/>
</kw>
<status status="PASS" starttime="20240823 13:06:49.975" endtime="20240823 13:06:58.862"/>
</kw>
<kw name="Enter Mobile Number" library="login_keywords">
<arg>${login_data}</arg>
<kw name="Log" library="BuiltIn">
<arg>${user_data}</arg>
<doc>Logs the given message with the given level.</doc>
<msg timestamp="20240823 13:06:58.864" level="INFO">{'id': '6', 'mob_number': '7100000016', 'otp': '123456', None: None}</msg>
<status status="PASS" starttime="20240823 13:06:58.864" endtime="20240823 13:06:58.865"/>
</kw>
<kw name="Input Text" library="AppiumLibrary">
<arg>${mobile_field}</arg>
<arg>${user_data.mob_number}</arg>
<doc>Types the given `text` into text field identified by `locator`.</doc>
<msg timestamp="20240823 13:06:58.881" level="INFO">Typing text '7100000016' into text field '//android.widget.EditText[@resource-id="com.knightclub.app:id/et_mobile"]'</msg>
<msg timestamp="20240823 13:06:59.757" level="INFO">xpath criteria: //android.widget.EditText[@resource-id="com.knightclub.app:id/et_mobile"]</msg>
<status status="PASS" starttime="20240823 13:06:58.865" endtime="20240823 13:06:59.757"/>
</kw>
<status status="PASS" starttime="20240823 13:06:58.863" endtime="20240823 13:06:59.757"/>
</kw>
<kw name="Click On Request Otp Button" library="login_keywords">
<kw name="Wait Until Element Is Visible" library="AppiumLibrary">
<arg>${request_otp_btn}</arg>
<doc>Waits until element specified with `locator` is visible.</doc>
<msg timestamp="20240823 13:07:00.690" level="INFO">xpath criteria: //android.widget.Button[@text="REQUEST OTP"]</msg>
<status status="PASS" starttime="20240823 13:06:59.759" endtime="20240823 13:07:00.690"/>
</kw>
<kw name="Click Element" library="AppiumLibrary">
<arg>${request_otp_btn}</arg>
<doc>Click element identified by `locator`.</doc>
<msg timestamp="20240823 13:07:00.700" level="INFO">Clicking element '//android.widget.Button[@text="REQUEST OTP"]'.</msg>
<msg timestamp="20240823 13:07:01.469" level="INFO">xpath criteria: //android.widget.Button[@text="REQUEST OTP"]</msg>
<status status="PASS" starttime="20240823 13:07:00.690" endtime="20240823 13:07:01.469"/>
</kw>
<status status="PASS" starttime="20240823 13:06:59.758" endtime="20240823 13:07:01.469"/>
</kw>
<kw name="Check Otp Screen" library="login_keywords">
<kw name="Wait Until Element Is Visible" library="AppiumLibrary">
<arg>${otp_screen}</arg>
<arg>timeout=30</arg>
<doc>Waits until element specified with `locator` is visible.</doc>
<msg timestamp="20240823 13:07:09.919" level="INFO">xpath criteria: //android.widget.LinearLayout[@resource-id="com.knightclub.app:id/inc_otp_verification"]
xpath criteria: //android.widget.LinearLayout[@resource-id="com.knightclub.app:id/inc_otp_verification"]
xpath criteria: //android.widget.LinearLayout[@resource-id="com.knightclub.app:id/inc_otp_verification"]
xpath criteria: //android.widget.LinearLayout[@resource-id="com.knightclub.app:id/inc_otp_verification"]
xpath criteria: //android.widget.LinearLayout[@resource-id="com.knightclub.app:id/inc_otp_verification"]
xpath criteria: //android.widget.LinearLayout[@resource-id="com.knightclub.app:id/inc_otp_verification"]
xpath criteria: //android.widget.LinearLayout[@resource-id="com.knightclub.app:id/inc_otp_verification"]
xpath criteria: //android.widget.LinearLayout[@resource-id="com.knightclub.app:id/inc_otp_verification"]
xpath criteria: //android.widget.LinearLayout[@resource-id="com.knightclub.app:id/inc_otp_verification"]
xpath criteria: //android.widget.LinearLayout[@resource-id="com.knightclub.app:id/inc_otp_verification"]
xpath criteria: //android.widget.LinearLayout[@resource-id="com.knightclub.app:id/inc_otp_verification"]
xpath criteria: //android.widget.LinearLayout[@resource-id="com.knightclub.app:id/inc_otp_verification"]
xpath criteria: //android.widget.LinearLayout[@resource-id="com.knightclub.app:id/inc_otp_verification"]
xpath criteria: //android.widget.LinearLayout[@resource-id="com.knightclub.app:id/inc_otp_verification"]</msg>
<status status="PASS" starttime="20240823 13:07:01.471" endtime="20240823 13:07:09.919"/>
</kw>
<kw name="Element Should Be Visible" library="AppiumLibrary">
<arg>${otp_screen}</arg>
<doc>Verifies that element identified with locator is visible.</doc>
<msg timestamp="20240823 13:07:10.817" level="INFO">xpath criteria: //android.widget.LinearLayout[@resource-id="com.knightclub.app:id/inc_otp_verification"]</msg>
<status status="PASS" starttime="20240823 13:07:09.919" endtime="20240823 13:07:10.817"/>
</kw>
<status status="PASS" starttime="20240823 13:07:01.471" endtime="20240823 13:07:10.817"/>
</kw>
<kw name="Close Application" library="AppiumLibrary" type="TEARDOWN">
<doc>Closes the current application and also close webdriver session.</doc>
<status status="PASS" starttime="20240823 13:07:10.818" endtime="20240823 13:07:11.534"/>
</kw>
<status status="PASS" starttime="20240823 13:06:39.398" endtime="20240823 13:07:11.535"/>
</test>
<test id="s1-t6" name="TC-02 Verify User Can Request An Otp For Login" line="56">
<kw name="Open KC application" library="login_keywords" type="SETUP">
<kw name="Get Environment Data" library="user_keywords">
<var>${env_data}</var>
<arg>${android_environment}</arg>
<msg timestamp="20240823 13:07:11.544" level="INFO">${env_data} = {'host': 'http://127.0.0.1:4723', 'platformName': 'Android', 'deviceName': 'bae57ac0', 'application_sdk': 'C:\\Users\\Priti\\Desktop\\git_demo\\gitactionsdemo\\Mobile\\Android\\KC\\TestData\\Applicati...</msg>
<status status="PASS" starttime="20240823 13:07:11.540" endtime="20240823 13:07:11.544"/>
</kw>
<kw name="Create Dictionary" library="BuiltIn">
<var>${env_data}</var>
<arg>&amp;{env_data}</arg>
<doc>Creates and returns a dictionary based on the given ``items``.</doc>
<msg timestamp="20240823 13:07:11.545" level="INFO">${env_data} = {'host': 'http://127.0.0.1:4723', 'platformName': 'Android', 'deviceName': 'bae57ac0', 'application_sdk': 'C:\\Users\\Priti\\Desktop\\git_demo\\gitactionsdemo\\Mobile\\Android\\KC\\TestData\\Applicati...</msg>
<status status="PASS" starttime="20240823 13:07:11.544" endtime="20240823 13:07:11.545"/>
</kw>
<kw name="Open Application" library="AppiumLibrary">
<arg>${env_data.host}</arg>
<arg>platformName=${env_data.platformName}</arg>
<arg>deviceName=${env_data.deviceName}</arg>
<arg>app=${env_data.application_sdk}</arg>
<arg>autoGrantPermissions=true</arg>
<arg>automationName=${env_data.automationName}</arg>
<arg>noReset=false</arg>
<doc>Opens a new application to given Appium server.
Capabilities of appium server, Android and iOS,
Please check https://github.com/appium/appium/blob/master/docs/en/writing-running-appium/server-args.md
| *Option*            | *Man.* | *Description*     |
| remote_url          | Yes    | Appium server url |
| alias               | no     | alias             |
| strict_ssl          | No     | allows you to send commands to an invalid certificate host like a self-signed one. |</doc>
<status status="PASS" starttime="20240823 13:07:11.545" endtime="20240823 13:07:22.057"/>
</kw>
<status status="PASS" starttime="20240823 13:07:11.540" endtime="20240823 13:07:22.057"/>
</kw>
<kw name="Fetch Data By Id" library="user_keywords">
<var>&amp;{login_data}</var>
<arg>${already_registered_user_td}</arg>
<arg>2</arg>
<msg timestamp="20240823 13:07:22.088" level="INFO">&amp;{login_data} = { id=2 | mob_number=7100000012 | otp=123456 | None=None }</msg>
<status status="PASS" starttime="20240823 13:07:22.058" endtime="20240823 13:07:22.088"/>
</kw>
<kw name="Verify Login Screen" library="login_keywords">
<kw name="Wait Until Element Is Visible" library="AppiumLibrary">
<arg>${login_view}</arg>
<arg>timeout=120</arg>
<doc>Waits until element specified with `locator` is visible.</doc>
<msg timestamp="20240823 13:07:31.064" level="INFO">xpath criteria: //android.widget.ScrollView/android.view.ViewGroup
xpath criteria: //android.widget.ScrollView/android.view.ViewGroup
xpath criteria: //android.widget.ScrollView/android.view.ViewGroup
xpath criteria: //android.widget.ScrollView/android.view.ViewGroup
xpath criteria: //android.widget.ScrollView/android.view.ViewGroup
xpath criteria: //android.widget.ScrollView/android.view.ViewGroup
xpath criteria: //android.widget.ScrollView/android.view.ViewGroup
xpath criteria: //android.widget.ScrollView/android.view.ViewGroup
xpath criteria: //android.widget.ScrollView/android.view.ViewGroup
xpath criteria: //android.widget.ScrollView/android.view.ViewGroup
xpath criteria: //android.widget.ScrollView/android.view.ViewGroup
xpath criteria: //android.widget.ScrollView/android.view.ViewGroup</msg>
<status status="PASS" starttime="20240823 13:07:22.089" endtime="20240823 13:07:31.065"/>
</kw>
<status status="PASS" starttime="20240823 13:07:22.088" endtime="20240823 13:07:31.065"/>
</kw>
<kw name="Enter Mobile Number" library="login_keywords">
<arg>${login_data}</arg>
<kw name="Log" library="BuiltIn">
<arg>${user_data}</arg>
<doc>Logs the given message with the given level.</doc>
<msg timestamp="20240823 13:07:31.068" level="INFO">{'id': '2', 'mob_number': '7100000012', 'otp': '123456', None: None}</msg>
<status status="PASS" starttime="20240823 13:07:31.066" endtime="20240823 13:07:31.068"/>
</kw>
<kw name="Input Text" library="AppiumLibrary">
<arg>${mobile_field}</arg>
<arg>${user_data.mob_number}</arg>
<doc>Types the given `text` into text field identified by `locator`.</doc>
<msg timestamp="20240823 13:07:31.084" level="INFO">Typing text '7100000012' into text field '//android.widget.EditText[@resource-id="com.knightclub.app:id/et_mobile"]'</msg>
<msg timestamp="20240823 13:07:31.968" level="INFO">xpath criteria: //android.widget.EditText[@resource-id="com.knightclub.app:id/et_mobile"]</msg>
<status status="PASS" starttime="20240823 13:07:31.068" endtime="20240823 13:07:31.968"/>
</kw>
<status status="PASS" starttime="20240823 13:07:31.066" endtime="20240823 13:07:31.970"/>
</kw>
<kw name="Click On Request Otp Button" library="login_keywords">
<kw name="Wait Until Element Is Visible" library="AppiumLibrary">
<arg>${request_otp_btn}</arg>
<doc>Waits until element specified with `locator` is visible.</doc>
<msg timestamp="20240823 13:07:32.861" level="INFO">xpath criteria: //android.widget.Button[@text="REQUEST OTP"]</msg>
<status status="PASS" starttime="20240823 13:07:31.971" endtime="20240823 13:07:32.861"/>
</kw>
<kw name="Click Element" library="AppiumLibrary">
<arg>${request_otp_btn}</arg>
<doc>Click element identified by `locator`.</doc>
<msg timestamp="20240823 13:07:32.876" level="INFO">Clicking element '//android.widget.Button[@text="REQUEST OTP"]'.</msg>
<msg timestamp="20240823 13:07:33.255" level="INFO">xpath criteria: //android.widget.Button[@text="REQUEST OTP"]</msg>
<status status="PASS" starttime="20240823 13:07:32.861" endtime="20240823 13:07:33.256"/>
</kw>
<status status="PASS" starttime="20240823 13:07:31.971" endtime="20240823 13:07:33.256"/>
</kw>
<kw name="Check Otp Screen" library="login_keywords">
<kw name="Wait Until Element Is Visible" library="AppiumLibrary">
<arg>${otp_screen}</arg>
<arg>timeout=30</arg>
<doc>Waits until element specified with `locator` is visible.</doc>
<msg timestamp="20240823 13:07:40.622" level="INFO">xpath criteria: //android.widget.LinearLayout[@resource-id="com.knightclub.app:id/inc_otp_verification"]
xpath criteria: //android.widget.LinearLayout[@resource-id="com.knightclub.app:id/inc_otp_verification"]
xpath criteria: //android.widget.LinearLayout[@resource-id="com.knightclub.app:id/inc_otp_verification"]
xpath criteria: //android.widget.LinearLayout[@resource-id="com.knightclub.app:id/inc_otp_verification"]
xpath criteria: //android.widget.LinearLayout[@resource-id="com.knightclub.app:id/inc_otp_verification"]
xpath criteria: //android.widget.LinearLayout[@resource-id="com.knightclub.app:id/inc_otp_verification"]
xpath criteria: //android.widget.LinearLayout[@resource-id="com.knightclub.app:id/inc_otp_verification"]
xpath criteria: //android.widget.LinearLayout[@resource-id="com.knightclub.app:id/inc_otp_verification"]
xpath criteria: //android.widget.LinearLayout[@resource-id="com.knightclub.app:id/inc_otp_verification"]
xpath criteria: //android.widget.LinearLayout[@resource-id="com.knightclub.app:id/inc_otp_verification"]
xpath criteria: //android.widget.LinearLayout[@resource-id="com.knightclub.app:id/inc_otp_verification"]</msg>
<status status="PASS" starttime="20240823 13:07:33.257" endtime="20240823 13:07:40.622"/>
</kw>
<kw name="Element Should Be Visible" library="AppiumLibrary">
<arg>${otp_screen}</arg>
<doc>Verifies that element identified with locator is visible.</doc>
<msg timestamp="20240823 13:07:41.526" level="INFO">xpath criteria: //android.widget.LinearLayout[@resource-id="com.knightclub.app:id/inc_otp_verification"]</msg>
<status status="PASS" starttime="20240823 13:07:40.622" endtime="20240823 13:07:41.527"/>
</kw>
<status status="PASS" starttime="20240823 13:07:33.257" endtime="20240823 13:07:41.527"/>
</kw>
<kw name="Close Application" library="AppiumLibrary" type="TEARDOWN">
<doc>Closes the current application and also close webdriver session.</doc>
<status status="PASS" starttime="20240823 13:07:41.528" endtime="20240823 13:07:42.168"/>
</kw>
<status status="PASS" starttime="20240823 13:07:11.537" endtime="20240823 13:07:42.169"/>
</test>
<test id="s1-t7" name="TC_08 Verify Skip Button" line="103">
<kw name="Open KC application" library="login_keywords" type="SETUP">
<kw name="Get Environment Data" library="user_keywords">
<var>${env_data}</var>
<arg>${android_environment}</arg>
<msg timestamp="20240823 13:07:42.176" level="INFO">${env_data} = {'host': 'http://127.0.0.1:4723', 'platformName': 'Android', 'deviceName': 'bae57ac0', 'application_sdk': 'C:\\Users\\Priti\\Desktop\\git_demo\\gitactionsdemo\\Mobile\\Android\\KC\\TestData\\Applicati...</msg>
<status status="PASS" starttime="20240823 13:07:42.174" endtime="20240823 13:07:42.176"/>
</kw>
<kw name="Create Dictionary" library="BuiltIn">
<var>${env_data}</var>
<arg>&amp;{env_data}</arg>
<doc>Creates and returns a dictionary based on the given ``items``.</doc>
<msg timestamp="20240823 13:07:42.178" level="INFO">${env_data} = {'host': 'http://127.0.0.1:4723', 'platformName': 'Android', 'deviceName': 'bae57ac0', 'application_sdk': 'C:\\Users\\Priti\\Desktop\\git_demo\\gitactionsdemo\\Mobile\\Android\\KC\\TestData\\Applicati...</msg>
<status status="PASS" starttime="20240823 13:07:42.178" endtime="20240823 13:07:42.178"/>
</kw>
<kw name="Open Application" library="AppiumLibrary">
<arg>${env_data.host}</arg>
<arg>platformName=${env_data.platformName}</arg>
<arg>deviceName=${env_data.deviceName}</arg>
<arg>app=${env_data.application_sdk}</arg>
<arg>autoGrantPermissions=true</arg>
<arg>automationName=${env_data.automationName}</arg>
<arg>noReset=false</arg>
<doc>Opens a new application to given Appium server.
Capabilities of appium server, Android and iOS,
Please check https://github.com/appium/appium/blob/master/docs/en/writing-running-appium/server-args.md
| *Option*            | *Man.* | *Description*     |
| remote_url          | Yes    | Appium server url |
| alias               | no     | alias             |
| strict_ssl          | No     | allows you to send commands to an invalid certificate host like a self-signed one. |</doc>
<status status="PASS" starttime="20240823 13:07:42.179" endtime="20240823 13:07:52.444"/>
</kw>
<status status="PASS" starttime="20240823 13:07:42.173" endtime="20240823 13:07:52.444"/>
</kw>
<kw name="Click And Verify Skip Button Before And After Otp Is Requested" library="login_keywords">
<kw name="Fetch Data By Id" library="user_keywords">
<var>&amp;{login_data}</var>
<arg>${android_td}</arg>
<arg>4</arg>
<msg timestamp="20240823 13:07:52.466" level="INFO">&amp;{login_data} = { id=4 | mob_number=7100000014 | otp=123456 | None=None }</msg>
<status status="PASS" starttime="20240823 13:07:52.445" endtime="20240823 13:07:52.466"/>
</kw>
<kw name="Wait Until Element Is Visible" library="AppiumLibrary">
<arg>${login_skip_button}</arg>
<arg>timeout=30</arg>
<doc>Waits until element specified with `locator` is visible.</doc>
<msg timestamp="20240823 13:08:02.065" level="INFO">xpath criteria: //android.widget.TextView[@resource-id="com.knightclub.app:id/tv_skip"]
xpath criteria: //android.widget.TextView[@resource-id="com.knightclub.app:id/tv_skip"]
xpath criteria: //android.widget.TextView[@resource-id="com.knightclub.app:id/tv_skip"]
xpath criteria: //android.widget.TextView[@resource-id="com.knightclub.app:id/tv_skip"]
xpath criteria: //android.widget.TextView[@resource-id="com.knightclub.app:id/tv_skip"]
xpath criteria: //android.widget.TextView[@resource-id="com.knightclub.app:id/tv_skip"]
xpath criteria: //android.widget.TextView[@resource-id="com.knightclub.app:id/tv_skip"]
xpath criteria: //android.widget.TextView[@resource-id="com.knightclub.app:id/tv_skip"]
xpath criteria: //android.widget.TextView[@resource-id="com.knightclub.app:id/tv_skip"]
xpath criteria: //android.widget.TextView[@resource-id="com.knightclub.app:id/tv_skip"]
xpath criteria: //android.widget.TextView[@resource-id="com.knightclub.app:id/tv_skip"]
xpath criteria: //android.widget.TextView[@resource-id="com.knightclub.app:id/tv_skip"]</msg>
<status status="PASS" starttime="20240823 13:07:52.468" endtime="20240823 13:08:02.065"/>
</kw>
<kw name="Click Element" library="AppiumLibrary">
<arg>${login_skip_button}</arg>
<doc>Click element identified by `locator`.</doc>
<msg timestamp="20240823 13:08:02.082" level="INFO">Clicking element '//android.widget.TextView[@resource-id="com.knightclub.app:id/tv_skip"]'.</msg>
<msg timestamp="20240823 13:08:02.496" level="INFO">xpath criteria: //android.widget.TextView[@resource-id="com.knightclub.app:id/tv_skip"]</msg>
<status status="PASS" starttime="20240823 13:08:02.065" endtime="20240823 13:08:02.497"/>
</kw>
<kw name="Wait Until Page Contains Element" library="AppiumLibrary">
<arg>${homepage_title}</arg>
<arg>timeout=30</arg>
<doc>Waits until element specified with `locator` appears on current page.</doc>
<msg timestamp="20240823 13:08:05.465" level="INFO">xpath criteria: //android.widget.TextView[@resource-id="com.knightclub.app:id/tv_title" and @text="Hey Knight!"]
xpath criteria: //android.widget.TextView[@resource-id="com.knightclub.app:id/tv_title" and @text="Hey Knight!"]</msg>
<status status="PASS" starttime="20240823 13:08:02.497" endtime="20240823 13:08:05.465"/>
</kw>
<kw name="Element Should Be Visible" library="AppiumLibrary">
<arg>${homepage_title}</arg>
<doc>Verifies that element identified with locator is visible.</doc>
<msg timestamp="20240823 13:08:06.161" level="INFO">xpath criteria: //android.widget.TextView[@resource-id="com.knightclub.app:id/tv_title" and @text="Hey Knight!"]</msg>
<status status="PASS" starttime="20240823 13:08:05.465" endtime="20240823 13:08:06.162"/>
</kw>
<kw name="Click Element" library="AppiumLibrary">
<arg>${profile_logo_button}</arg>
<doc>Click element identified by `locator`.</doc>
<msg timestamp="20240823 13:08:06.178" level="INFO">Clicking element '//android.widget.ImageButton[@resource-id="com.knightclub.app:id/btn_profile"]'.</msg>
<msg timestamp="20240823 13:08:06.885" level="INFO">xpath criteria: //android.widget.ImageButton[@resource-id="com.knightclub.app:id/btn_profile"]</msg>
<status status="PASS" starttime="20240823 13:08:06.162" endtime="20240823 13:08:06.885"/>
</kw>
<kw name="Verify Login Screen" library="login_keywords">
<kw name="Wait Until Element Is Visible" library="AppiumLibrary">
<arg>${login_view}</arg>
<arg>timeout=120</arg>
<doc>Waits until element specified with `locator` is visible.</doc>
<msg timestamp="20240823 13:08:09.016" level="INFO">xpath criteria: //android.widget.ScrollView/android.view.ViewGroup
xpath criteria: //android.widget.ScrollView/android.view.ViewGroup</msg>
<status status="PASS" starttime="20240823 13:08:06.887" endtime="20240823 13:08:09.016"/>
</kw>
<status status="PASS" starttime="20240823 13:08:06.886" endtime="20240823 13:08:09.016"/>
</kw>
<kw name="Enter Mobile Number" library="login_keywords">
<arg>${login_data}</arg>
<kw name="Log" library="BuiltIn">
<arg>${user_data}</arg>
<doc>Logs the given message with the given level.</doc>
<msg timestamp="20240823 13:08:09.018" level="INFO">{'id': '4', 'mob_number': '7100000014', 'otp': '123456', None: None}</msg>
<status status="PASS" starttime="20240823 13:08:09.018" endtime="20240823 13:08:09.018"/>
</kw>
<kw name="Input Text" library="AppiumLibrary">
<arg>${mobile_field}</arg>
<arg>${user_data.mob_number}</arg>
<doc>Types the given `text` into text field identified by `locator`.</doc>
<msg timestamp="20240823 13:08:09.037" level="INFO">Typing text '7100000014' into text field '//android.widget.EditText[@resource-id="com.knightclub.app:id/et_mobile"]'</msg>
<msg timestamp="20240823 13:08:09.899" level="INFO">xpath criteria: //android.widget.EditText[@resource-id="com.knightclub.app:id/et_mobile"]</msg>
<status status="PASS" starttime="20240823 13:08:09.018" endtime="20240823 13:08:09.899"/>
</kw>
<status status="PASS" starttime="20240823 13:08:09.016" endtime="20240823 13:08:09.899"/>
</kw>
<kw name="Click On Request Otp Button" library="login_keywords">
<kw name="Wait Until Element Is Visible" library="AppiumLibrary">
<arg>${request_otp_btn}</arg>
<doc>Waits until element specified with `locator` is visible.</doc>
<msg timestamp="20240823 13:08:10.789" level="INFO">xpath criteria: //android.widget.Button[@text="REQUEST OTP"]</msg>
<status status="PASS" starttime="20240823 13:08:09.899" endtime="20240823 13:08:10.789"/>
</kw>
<kw name="Click Element" library="AppiumLibrary">
<arg>${request_otp_btn}</arg>
<doc>Click element identified by `locator`.</doc>
<msg timestamp="20240823 13:08:10.805" level="INFO">Clicking element '//android.widget.Button[@text="REQUEST OTP"]'.</msg>
<msg timestamp="20240823 13:08:11.167" level="INFO">xpath criteria: //android.widget.Button[@text="REQUEST OTP"]</msg>
<status status="PASS" starttime="20240823 13:08:10.790" endtime="20240823 13:08:11.168"/>
</kw>
<status status="PASS" starttime="20240823 13:08:09.899" endtime="20240823 13:08:11.168"/>
</kw>
<kw name="Wait Until Element Is Visible" library="AppiumLibrary">
<arg>${otp_screen}</arg>
<arg>timeout=30</arg>
<doc>Waits until element specified with `locator` is visible.</doc>
<msg timestamp="20240823 13:08:19.723" level="INFO">xpath criteria: //android.widget.LinearLayout[@resource-id="com.knightclub.app:id/inc_otp_verification"]
xpath criteria: //android.widget.LinearLayout[@resource-id="com.knightclub.app:id/inc_otp_verification"]
xpath criteria: //android.widget.LinearLayout[@resource-id="com.knightclub.app:id/inc_otp_verification"]
xpath criteria: //android.widget.LinearLayout[@resource-id="com.knightclub.app:id/inc_otp_verification"]
xpath criteria: //android.widget.LinearLayout[@resource-id="com.knightclub.app:id/inc_otp_verification"]
xpath criteria: //android.widget.LinearLayout[@resource-id="com.knightclub.app:id/inc_otp_verification"]
xpath criteria: //android.widget.LinearLayout[@resource-id="com.knightclub.app:id/inc_otp_verification"]
xpath criteria: //android.widget.LinearLayout[@resource-id="com.knightclub.app:id/inc_otp_verification"]
xpath criteria: //android.widget.LinearLayout[@resource-id="com.knightclub.app:id/inc_otp_verification"]
xpath criteria: //android.widget.LinearLayout[@resource-id="com.knightclub.app:id/inc_otp_verification"]
xpath criteria: //android.widget.LinearLayout[@resource-id="com.knightclub.app:id/inc_otp_verification"]
xpath criteria: //android.widget.LinearLayout[@resource-id="com.knightclub.app:id/inc_otp_verification"]
xpath criteria: //android.widget.LinearLayout[@resource-id="com.knightclub.app:id/inc_otp_verification"]
xpath criteria: //android.widget.LinearLayout[@resource-id="com.knightclub.app:id/inc_otp_verification"]</msg>
<status status="PASS" starttime="20240823 13:08:11.168" endtime="20240823 13:08:19.724"/>
</kw>
<kw name="Wait Until Element Is Visible" library="AppiumLibrary">
<arg>${login_skip_button}</arg>
<doc>Waits until element specified with `locator` is visible.</doc>
<msg timestamp="20240823 13:08:20.102" level="INFO">xpath criteria: //android.widget.TextView[@resource-id="com.knightclub.app:id/tv_skip"]</msg>
<status status="PASS" starttime="20240823 13:08:19.724" endtime="20240823 13:08:20.102"/>
</kw>
<kw name="Click Element" library="AppiumLibrary">
<arg>${login_skip_button}</arg>
<doc>Click element identified by `locator`.</doc>
<msg timestamp="20240823 13:08:20.120" level="INFO">Clicking element '//android.widget.TextView[@resource-id="com.knightclub.app:id/tv_skip"]'.</msg>
<msg timestamp="20240823 13:08:21.667" level="INFO">xpath criteria: //android.widget.TextView[@resource-id="com.knightclub.app:id/tv_skip"]</msg>
<status status="PASS" starttime="20240823 13:08:20.102" endtime="20240823 13:08:21.668"/>
</kw>
<kw name="Wait Until Page Contains Element" library="AppiumLibrary">
<arg>${homepage_title}</arg>
<arg>timeout=30</arg>
<doc>Waits until element specified with `locator` appears on current page.</doc>
<msg timestamp="20240823 13:08:24.423" level="INFO">xpath criteria: //android.widget.TextView[@resource-id="com.knightclub.app:id/tv_title" and @text="Hey Knight!"]
xpath criteria: //android.widget.TextView[@resource-id="com.knightclub.app:id/tv_title" and @text="Hey Knight!"]</msg>
<status status="PASS" starttime="20240823 13:08:21.668" endtime="20240823 13:08:24.423"/>
</kw>
<kw name="Element Should Be Visible" library="AppiumLibrary">
<arg>${homepage_title}</arg>
<doc>Verifies that element identified with locator is visible.</doc>
<msg timestamp="20240823 13:08:26.642" level="INFO">xpath criteria: //android.widget.TextView[@resource-id="com.knightclub.app:id/tv_title" and @text="Hey Knight!"]</msg>
<status status="PASS" starttime="20240823 13:08:24.424" endtime="20240823 13:08:26.643"/>
</kw>
<kw name="Click Element" library="AppiumLibrary">
<arg>${profile_logo_button}</arg>
<doc>Click element identified by `locator`.</doc>
<msg timestamp="20240823 13:08:26.660" level="INFO">Clicking element '//android.widget.ImageButton[@resource-id="com.knightclub.app:id/btn_profile"]'.</msg>
<msg timestamp="20240823 13:08:27.466" level="INFO">xpath criteria: //android.widget.ImageButton[@resource-id="com.knightclub.app:id/btn_profile"]</msg>
<status status="PASS" starttime="20240823 13:08:26.643" endtime="20240823 13:08:27.466"/>
</kw>
<status status="PASS" starttime="20240823 13:07:52.444" endtime="20240823 13:08:27.466"/>
</kw>
<kw name="Close Application" library="AppiumLibrary" type="TEARDOWN">
<doc>Closes the current application and also close webdriver session.</doc>
<status status="PASS" starttime="20240823 13:08:27.468" endtime="20240823 13:08:28.034"/>
</kw>
<status status="PASS" starttime="20240823 13:07:42.172" endtime="20240823 13:08:28.034"/>
</test>
<test id="s1-t8" name="TC_08 Verify Skip Button" line="106">
<kw name="Open KC application" library="login_keywords" type="SETUP">
<kw name="Get Environment Data" library="user_keywords">
<var>${env_data}</var>
<arg>${android_environment}</arg>
<msg timestamp="20240823 13:08:28.044" level="INFO">${env_data} = {'host': 'http://127.0.0.1:4723', 'platformName': 'Android', 'deviceName': 'bae57ac0', 'application_sdk': 'C:\\Users\\Priti\\Desktop\\git_demo\\gitactionsdemo\\Mobile\\Android\\KC\\TestData\\Applicati...</msg>
<status status="PASS" starttime="20240823 13:08:28.041" endtime="20240823 13:08:28.044"/>
</kw>
<kw name="Create Dictionary" library="BuiltIn">
<var>${env_data}</var>
<arg>&amp;{env_data}</arg>
<doc>Creates and returns a dictionary based on the given ``items``.</doc>
<msg timestamp="20240823 13:08:28.046" level="INFO">${env_data} = {'host': 'http://127.0.0.1:4723', 'platformName': 'Android', 'deviceName': 'bae57ac0', 'application_sdk': 'C:\\Users\\Priti\\Desktop\\git_demo\\gitactionsdemo\\Mobile\\Android\\KC\\TestData\\Applicati...</msg>
<status status="PASS" starttime="20240823 13:08:28.044" endtime="20240823 13:08:28.046"/>
</kw>
<kw name="Open Application" library="AppiumLibrary">
<arg>${env_data.host}</arg>
<arg>platformName=${env_data.platformName}</arg>
<arg>deviceName=${env_data.deviceName}</arg>
<arg>app=${env_data.application_sdk}</arg>
<arg>autoGrantPermissions=true</arg>
<arg>automationName=${env_data.automationName}</arg>
<arg>noReset=false</arg>
<doc>Opens a new application to given Appium server.
Capabilities of appium server, Android and iOS,
Please check https://github.com/appium/appium/blob/master/docs/en/writing-running-appium/server-args.md
| *Option*            | *Man.* | *Description*     |
| remote_url          | Yes    | Appium server url |
| alias               | no     | alias             |
| strict_ssl          | No     | allows you to send commands to an invalid certificate host like a self-signed one. |</doc>
<status status="PASS" starttime="20240823 13:08:28.046" endtime="20240823 13:08:38.524"/>
</kw>
<status status="PASS" starttime="20240823 13:08:28.041" endtime="20240823 13:08:38.524"/>
</kw>
<kw name="Click And Verify Skip Button Before And After Otp Is Requested" library="login_keywords">
<kw name="Fetch Data By Id" library="user_keywords">
<var>&amp;{login_data}</var>
<arg>${android_td}</arg>
<arg>4</arg>
<msg timestamp="20240823 13:08:38.550" level="INFO">&amp;{login_data} = { id=4 | mob_number=7100000014 | otp=123456 | None=None }</msg>
<status status="PASS" starttime="20240823 13:08:38.527" endtime="20240823 13:08:38.550"/>
</kw>
<kw name="Wait Until Element Is Visible" library="AppiumLibrary">
<arg>${login_skip_button}</arg>
<arg>timeout=30</arg>
<doc>Waits until element specified with `locator` is visible.</doc>
<msg timestamp="20240823 13:08:47.844" level="INFO">xpath criteria: //android.widget.TextView[@resource-id="com.knightclub.app:id/tv_skip"]
xpath criteria: //android.widget.TextView[@resource-id="com.knightclub.app:id/tv_skip"]
xpath criteria: //android.widget.TextView[@resource-id="com.knightclub.app:id/tv_skip"]
xpath criteria: //android.widget.TextView[@resource-id="com.knightclub.app:id/tv_skip"]
xpath criteria: //android.widget.TextView[@resource-id="com.knightclub.app:id/tv_skip"]
xpath criteria: //android.widget.TextView[@resource-id="com.knightclub.app:id/tv_skip"]
xpath criteria: //android.widget.TextView[@resource-id="com.knightclub.app:id/tv_skip"]
xpath criteria: //android.widget.TextView[@resource-id="com.knightclub.app:id/tv_skip"]
xpath criteria: //android.widget.TextView[@resource-id="com.knightclub.app:id/tv_skip"]
xpath criteria: //android.widget.TextView[@resource-id="com.knightclub.app:id/tv_skip"]
xpath criteria: //android.widget.TextView[@resource-id="com.knightclub.app:id/tv_skip"]</msg>
<status status="PASS" starttime="20240823 13:08:38.550" endtime="20240823 13:08:47.845"/>
</kw>
<kw name="Click Element" library="AppiumLibrary">
<arg>${login_skip_button}</arg>
<doc>Click element identified by `locator`.</doc>
<msg timestamp="20240823 13:08:47.859" level="INFO">Clicking element '//android.widget.TextView[@resource-id="com.knightclub.app:id/tv_skip"]'.</msg>
<msg timestamp="20240823 13:08:48.249" level="INFO">xpath criteria: //android.widget.TextView[@resource-id="com.knightclub.app:id/tv_skip"]</msg>
<status status="PASS" starttime="20240823 13:08:47.845" endtime="20240823 13:08:48.250"/>
</kw>
<kw name="Wait Until Page Contains Element" library="AppiumLibrary">
<arg>${homepage_title}</arg>
<arg>timeout=30</arg>
<doc>Waits until element specified with `locator` appears on current page.</doc>
<msg timestamp="20240823 13:08:51.308" level="INFO">xpath criteria: //android.widget.TextView[@resource-id="com.knightclub.app:id/tv_title" and @text="Hey Knight!"]
xpath criteria: //android.widget.TextView[@resource-id="com.knightclub.app:id/tv_title" and @text="Hey Knight!"]</msg>
<status status="PASS" starttime="20240823 13:08:48.250" endtime="20240823 13:08:51.309"/>
</kw>
<kw name="Element Should Be Visible" library="AppiumLibrary">
<arg>${homepage_title}</arg>
<doc>Verifies that element identified with locator is visible.</doc>
<msg timestamp="20240823 13:08:52.051" level="INFO">xpath criteria: //android.widget.TextView[@resource-id="com.knightclub.app:id/tv_title" and @text="Hey Knight!"]</msg>
<status status="PASS" starttime="20240823 13:08:51.309" endtime="20240823 13:08:52.051"/>
</kw>
<kw name="Click Element" library="AppiumLibrary">
<arg>${profile_logo_button}</arg>
<doc>Click element identified by `locator`.</doc>
<msg timestamp="20240823 13:08:52.068" level="INFO">Clicking element '//android.widget.ImageButton[@resource-id="com.knightclub.app:id/btn_profile"]'.</msg>
<msg timestamp="20240823 13:08:53.846" level="INFO">xpath criteria: //android.widget.ImageButton[@resource-id="com.knightclub.app:id/btn_profile"]</msg>
<status status="PASS" starttime="20240823 13:08:52.052" endtime="20240823 13:08:53.846"/>
</kw>
<kw name="Verify Login Screen" library="login_keywords">
<kw name="Wait Until Element Is Visible" library="AppiumLibrary">
<arg>${login_view}</arg>
<arg>timeout=120</arg>
<doc>Waits until element specified with `locator` is visible.</doc>
<msg timestamp="20240823 13:08:55.968" level="INFO">xpath criteria: //android.widget.ScrollView/android.view.ViewGroup
xpath criteria: //android.widget.ScrollView/android.view.ViewGroup</msg>
<status status="PASS" starttime="20240823 13:08:53.848" endtime="20240823 13:08:55.968"/>
</kw>
<status status="PASS" starttime="20240823 13:08:53.847" endtime="20240823 13:08:55.968"/>
</kw>
<kw name="Enter Mobile Number" library="login_keywords">
<arg>${login_data}</arg>
<kw name="Log" library="BuiltIn">
<arg>${user_data}</arg>
<doc>Logs the given message with the given level.</doc>
<msg timestamp="20240823 13:08:55.970" level="INFO">{'id': '4', 'mob_number': '7100000014', 'otp': '123456', None: None}</msg>
<status status="PASS" starttime="20240823 13:08:55.970" endtime="20240823 13:08:55.971"/>
</kw>
<kw name="Input Text" library="AppiumLibrary">
<arg>${mobile_field}</arg>
<arg>${user_data.mob_number}</arg>
<doc>Types the given `text` into text field identified by `locator`.</doc>
<msg timestamp="20240823 13:08:55.991" level="INFO">Typing text '7100000014' into text field '//android.widget.EditText[@resource-id="com.knightclub.app:id/et_mobile"]'</msg>
<msg timestamp="20240823 13:08:56.883" level="INFO">xpath criteria: //android.widget.EditText[@resource-id="com.knightclub.app:id/et_mobile"]</msg>
<status status="PASS" starttime="20240823 13:08:55.971" endtime="20240823 13:08:56.883"/>
</kw>
<status status="PASS" starttime="20240823 13:08:55.969" endtime="20240823 13:08:56.884"/>
</kw>
<kw name="Click On Request Otp Button" library="login_keywords">
<kw name="Wait Until Element Is Visible" library="AppiumLibrary">
<arg>${request_otp_btn}</arg>
<doc>Waits until element specified with `locator` is visible.</doc>
<msg timestamp="20240823 13:08:57.806" level="INFO">xpath criteria: //android.widget.Button[@text="REQUEST OTP"]</msg>
<status status="PASS" starttime="20240823 13:08:56.885" endtime="20240823 13:08:57.808"/>
</kw>
<kw name="Click Element" library="AppiumLibrary">
<arg>${request_otp_btn}</arg>
<doc>Click element identified by `locator`.</doc>
<msg timestamp="20240823 13:08:57.824" level="INFO">Clicking element '//android.widget.Button[@text="REQUEST OTP"]'.</msg>
<msg timestamp="20240823 13:08:58.235" level="INFO">xpath criteria: //android.widget.Button[@text="REQUEST OTP"]</msg>
<status status="PASS" starttime="20240823 13:08:57.808" endtime="20240823 13:08:58.235"/>
</kw>
<status status="PASS" starttime="20240823 13:08:56.884" endtime="20240823 13:08:58.235"/>
</kw>
<kw name="Wait Until Element Is Visible" library="AppiumLibrary">
<arg>${otp_screen}</arg>
<arg>timeout=30</arg>
<doc>Waits until element specified with `locator` is visible.</doc>
<msg timestamp="20240823 13:09:05.380" level="INFO">xpath criteria: //android.widget.LinearLayout[@resource-id="com.knightclub.app:id/inc_otp_verification"]
xpath criteria: //android.widget.LinearLayout[@resource-id="com.knightclub.app:id/inc_otp_verification"]
xpath criteria: //android.widget.LinearLayout[@resource-id="com.knightclub.app:id/inc_otp_verification"]
xpath criteria: //android.widget.LinearLayout[@resource-id="com.knightclub.app:id/inc_otp_verification"]
xpath criteria: //android.widget.LinearLayout[@resource-id="com.knightclub.app:id/inc_otp_verification"]
xpath criteria: //android.widget.LinearLayout[@resource-id="com.knightclub.app:id/inc_otp_verification"]
xpath criteria: //android.widget.LinearLayout[@resource-id="com.knightclub.app:id/inc_otp_verification"]
xpath criteria: //android.widget.LinearLayout[@resource-id="com.knightclub.app:id/inc_otp_verification"]
xpath criteria: //android.widget.LinearLayout[@resource-id="com.knightclub.app:id/inc_otp_verification"]</msg>
<status status="PASS" starttime="20240823 13:08:58.236" endtime="20240823 13:09:05.381"/>
</kw>
<kw name="Wait Until Element Is Visible" library="AppiumLibrary">
<arg>${login_skip_button}</arg>
<doc>Waits until element specified with `locator` is visible.</doc>
<msg timestamp="20240823 13:09:05.812" level="INFO">xpath criteria: //android.widget.TextView[@resource-id="com.knightclub.app:id/tv_skip"]</msg>
<status status="PASS" starttime="20240823 13:09:05.381" endtime="20240823 13:09:05.812"/>
</kw>
<kw name="Click Element" library="AppiumLibrary">
<arg>${login_skip_button}</arg>
<doc>Click element identified by `locator`.</doc>
<msg timestamp="20240823 13:09:05.829" level="INFO">Clicking element '//android.widget.TextView[@resource-id="com.knightclub.app:id/tv_skip"]'.</msg>
<msg timestamp="20240823 13:09:07.438" level="INFO">xpath criteria: //android.widget.TextView[@resource-id="com.knightclub.app:id/tv_skip"]</msg>
<status status="PASS" starttime="20240823 13:09:05.813" endtime="20240823 13:09:07.438"/>
</kw>
<kw name="Wait Until Page Contains Element" library="AppiumLibrary">
<arg>${homepage_title}</arg>
<arg>timeout=30</arg>
<doc>Waits until element specified with `locator` appears on current page.</doc>
<msg timestamp="20240823 13:09:09.936" level="INFO">xpath criteria: //android.widget.TextView[@resource-id="com.knightclub.app:id/tv_title" and @text="Hey Knight!"]
xpath criteria: //android.widget.TextView[@resource-id="com.knightclub.app:id/tv_title" and @text="Hey Knight!"]</msg>
<status status="PASS" starttime="20240823 13:09:07.438" endtime="20240823 13:09:09.936"/>
</kw>
<kw name="Element Should Be Visible" library="AppiumLibrary">
<arg>${homepage_title}</arg>
<doc>Verifies that element identified with locator is visible.</doc>
<msg timestamp="20240823 13:09:12.032" level="INFO">xpath criteria: //android.widget.TextView[@resource-id="com.knightclub.app:id/tv_title" and @text="Hey Knight!"]</msg>
<status status="PASS" starttime="20240823 13:09:09.936" endtime="20240823 13:09:12.032"/>
</kw>
<kw name="Click Element" library="AppiumLibrary">
<arg>${profile_logo_button}</arg>
<doc>Click element identified by `locator`.</doc>
<msg timestamp="20240823 13:09:12.045" level="INFO">Clicking element '//android.widget.ImageButton[@resource-id="com.knightclub.app:id/btn_profile"]'.</msg>
<msg timestamp="20240823 13:09:12.896" level="INFO">xpath criteria: //android.widget.ImageButton[@resource-id="com.knightclub.app:id/btn_profile"]</msg>
<status status="PASS" starttime="20240823 13:09:12.032" endtime="20240823 13:09:12.896"/>
</kw>
<status status="PASS" starttime="20240823 13:08:38.525" endtime="20240823 13:09:12.896"/>
</kw>
<kw name="Close Application" library="AppiumLibrary" type="TEARDOWN">
<doc>Closes the current application and also close webdriver session.</doc>
<status status="PASS" starttime="20240823 13:09:12.897" endtime="20240823 13:09:13.460"/>
</kw>
<status status="PASS" starttime="20240823 13:08:28.038" endtime="20240823 13:09:13.461"/>
</test>
<test id="s1-t9" name="TC_08 Verify Skip Button" line="109">
<kw name="Open KC application" library="login_keywords" type="SETUP">
<kw name="Get Environment Data" library="user_keywords">
<var>${env_data}</var>
<arg>${android_environment}</arg>
<msg timestamp="20240823 13:09:13.471" level="INFO">${env_data} = {'host': 'http://127.0.0.1:4723', 'platformName': 'Android', 'deviceName': 'bae57ac0', 'application_sdk': 'C:\\Users\\Priti\\Desktop\\git_demo\\gitactionsdemo\\Mobile\\Android\\KC\\TestData\\Applicati...</msg>
<status status="PASS" starttime="20240823 13:09:13.467" endtime="20240823 13:09:13.471"/>
</kw>
<kw name="Create Dictionary" library="BuiltIn">
<var>${env_data}</var>
<arg>&amp;{env_data}</arg>
<doc>Creates and returns a dictionary based on the given ``items``.</doc>
<msg timestamp="20240823 13:09:13.471" level="INFO">${env_data} = {'host': 'http://127.0.0.1:4723', 'platformName': 'Android', 'deviceName': 'bae57ac0', 'application_sdk': 'C:\\Users\\Priti\\Desktop\\git_demo\\gitactionsdemo\\Mobile\\Android\\KC\\TestData\\Applicati...</msg>
<status status="PASS" starttime="20240823 13:09:13.471" endtime="20240823 13:09:13.471"/>
</kw>
<kw name="Open Application" library="AppiumLibrary">
<arg>${env_data.host}</arg>
<arg>platformName=${env_data.platformName}</arg>
<arg>deviceName=${env_data.deviceName}</arg>
<arg>app=${env_data.application_sdk}</arg>
<arg>autoGrantPermissions=true</arg>
<arg>automationName=${env_data.automationName}</arg>
<arg>noReset=false</arg>
<doc>Opens a new application to given Appium server.
Capabilities of appium server, Android and iOS,
Please check https://github.com/appium/appium/blob/master/docs/en/writing-running-appium/server-args.md
| *Option*            | *Man.* | *Description*     |
| remote_url          | Yes    | Appium server url |
| alias               | no     | alias             |
| strict_ssl          | No     | allows you to send commands to an invalid certificate host like a self-signed one. |</doc>
<status status="PASS" starttime="20240823 13:09:13.472" endtime="20240823 13:09:23.931"/>
</kw>
<status status="PASS" starttime="20240823 13:09:13.466" endtime="20240823 13:09:23.931"/>
</kw>
<kw name="Click And Verify Skip Button Before And After Otp Is Requested" library="login_keywords">
<kw name="Fetch Data By Id" library="user_keywords">
<var>&amp;{login_data}</var>
<arg>${android_td}</arg>
<arg>4</arg>
<msg timestamp="20240823 13:09:24.073" level="INFO">&amp;{login_data} = { id=4 | mob_number=7100000014 | otp=123456 | None=None }</msg>
<status status="PASS" starttime="20240823 13:09:23.932" endtime="20240823 13:09:24.073"/>
</kw>
<kw name="Wait Until Element Is Visible" library="AppiumLibrary">
<arg>${login_skip_button}</arg>
<arg>timeout=30</arg>
<doc>Waits until element specified with `locator` is visible.</doc>
<msg timestamp="20240823 13:09:33.042" level="INFO">xpath criteria: //android.widget.TextView[@resource-id="com.knightclub.app:id/tv_skip"]
xpath criteria: //android.widget.TextView[@resource-id="com.knightclub.app:id/tv_skip"]
xpath criteria: //android.widget.TextView[@resource-id="com.knightclub.app:id/tv_skip"]
xpath criteria: //android.widget.TextView[@resource-id="com.knightclub.app:id/tv_skip"]
xpath criteria: //android.widget.TextView[@resource-id="com.knightclub.app:id/tv_skip"]
xpath criteria: //android.widget.TextView[@resource-id="com.knightclub.app:id/tv_skip"]
xpath criteria: //android.widget.TextView[@resource-id="com.knightclub.app:id/tv_skip"]
xpath criteria: //android.widget.TextView[@resource-id="com.knightclub.app:id/tv_skip"]
xpath criteria: //android.widget.TextView[@resource-id="com.knightclub.app:id/tv_skip"]
xpath criteria: //android.widget.TextView[@resource-id="com.knightclub.app:id/tv_skip"]
xpath criteria: //android.widget.TextView[@resource-id="com.knightclub.app:id/tv_skip"]
xpath criteria: //android.widget.TextView[@resource-id="com.knightclub.app:id/tv_skip"]</msg>
<status status="PASS" starttime="20240823 13:09:24.073" endtime="20240823 13:09:33.042"/>
</kw>
<kw name="Click Element" library="AppiumLibrary">
<arg>${login_skip_button}</arg>
<doc>Click element identified by `locator`.</doc>
<msg timestamp="20240823 13:09:33.059" level="INFO">Clicking element '//android.widget.TextView[@resource-id="com.knightclub.app:id/tv_skip"]'.</msg>
<msg timestamp="20240823 13:09:33.392" level="INFO">xpath criteria: //android.widget.TextView[@resource-id="com.knightclub.app:id/tv_skip"]</msg>
<status status="PASS" starttime="20240823 13:09:33.042" endtime="20240823 13:09:33.392"/>
</kw>
<kw name="Wait Until Page Contains Element" library="AppiumLibrary">
<arg>${homepage_title}</arg>
<arg>timeout=30</arg>
<doc>Waits until element specified with `locator` appears on current page.</doc>
<msg timestamp="20240823 13:09:36.430" level="INFO">xpath criteria: //android.widget.TextView[@resource-id="com.knightclub.app:id/tv_title" and @text="Hey Knight!"]
xpath criteria: //android.widget.TextView[@resource-id="com.knightclub.app:id/tv_title" and @text="Hey Knight!"]</msg>
<status status="PASS" starttime="20240823 13:09:33.392" endtime="20240823 13:09:36.430"/>
</kw>
<kw name="Element Should Be Visible" library="AppiumLibrary">
<arg>${homepage_title}</arg>
<doc>Verifies that element identified with locator is visible.</doc>
<msg timestamp="20240823 13:09:37.158" level="INFO">xpath criteria: //android.widget.TextView[@resource-id="com.knightclub.app:id/tv_title" and @text="Hey Knight!"]</msg>
<status status="PASS" starttime="20240823 13:09:36.431" endtime="20240823 13:09:37.159"/>
</kw>
<kw name="Click Element" library="AppiumLibrary">
<arg>${profile_logo_button}</arg>
<doc>Click element identified by `locator`.</doc>
<msg timestamp="20240823 13:09:37.173" level="INFO">Clicking element '//android.widget.ImageButton[@resource-id="com.knightclub.app:id/btn_profile"]'.</msg>
<msg timestamp="20240823 13:09:39.096" level="INFO">xpath criteria: //android.widget.ImageButton[@resource-id="com.knightclub.app:id/btn_profile"]</msg>
<status status="PASS" starttime="20240823 13:09:37.159" endtime="20240823 13:09:39.096"/>
</kw>
<kw name="Verify Login Screen" library="login_keywords">
<kw name="Wait Until Element Is Visible" library="AppiumLibrary">
<arg>${login_view}</arg>
<arg>timeout=120</arg>
<doc>Waits until element specified with `locator` is visible.</doc>
<msg timestamp="20240823 13:09:41.268" level="INFO">xpath criteria: //android.widget.ScrollView/android.view.ViewGroup
xpath criteria: //android.widget.ScrollView/android.view.ViewGroup</msg>
<status status="PASS" starttime="20240823 13:09:39.097" endtime="20240823 13:09:41.268"/>
</kw>
<status status="PASS" starttime="20240823 13:09:39.097" endtime="20240823 13:09:41.268"/>
</kw>
<kw name="Enter Mobile Number" library="login_keywords">
<arg>${login_data}</arg>
<kw name="Log" library="BuiltIn">
<arg>${user_data}</arg>
<doc>Logs the given message with the given level.</doc>
<msg timestamp="20240823 13:09:41.270" level="INFO">{'id': '4', 'mob_number': '7100000014', 'otp': '123456', None: None}</msg>
<status status="PASS" starttime="20240823 13:09:41.270" endtime="20240823 13:09:41.270"/>
</kw>
<kw name="Input Text" library="AppiumLibrary">
<arg>${mobile_field}</arg>
<arg>${user_data.mob_number}</arg>
<doc>Types the given `text` into text field identified by `locator`.</doc>
<msg timestamp="20240823 13:09:41.290" level="INFO">Typing text '7100000014' into text field '//android.widget.EditText[@resource-id="com.knightclub.app:id/et_mobile"]'</msg>
<msg timestamp="20240823 13:09:42.157" level="INFO">xpath criteria: //android.widget.EditText[@resource-id="com.knightclub.app:id/et_mobile"]</msg>
<status status="PASS" starttime="20240823 13:09:41.270" endtime="20240823 13:09:42.158"/>
</kw>
<status status="PASS" starttime="20240823 13:09:41.268" endtime="20240823 13:09:42.158"/>
</kw>
<kw name="Click On Request Otp Button" library="login_keywords">
<kw name="Wait Until Element Is Visible" library="AppiumLibrary">
<arg>${request_otp_btn}</arg>
<doc>Waits until element specified with `locator` is visible.</doc>
<msg timestamp="20240823 13:09:43.046" level="INFO">xpath criteria: //android.widget.Button[@text="REQUEST OTP"]</msg>
<status status="PASS" starttime="20240823 13:09:42.159" endtime="20240823 13:09:43.046"/>
</kw>
<kw name="Click Element" library="AppiumLibrary">
<arg>${request_otp_btn}</arg>
<doc>Click element identified by `locator`.</doc>
<msg timestamp="20240823 13:09:43.063" level="INFO">Clicking element '//android.widget.Button[@text="REQUEST OTP"]'.</msg>
<msg timestamp="20240823 13:09:43.425" level="INFO">xpath criteria: //android.widget.Button[@text="REQUEST OTP"]</msg>
<status status="PASS" starttime="20240823 13:09:43.047" endtime="20240823 13:09:43.425"/>
</kw>
<status status="PASS" starttime="20240823 13:09:42.158" endtime="20240823 13:09:43.426"/>
</kw>
<kw name="Wait Until Element Is Visible" library="AppiumLibrary">
<arg>${otp_screen}</arg>
<arg>timeout=30</arg>
<doc>Waits until element specified with `locator` is visible.</doc>
<msg timestamp="20240823 13:09:50.009" level="INFO">xpath criteria: //android.widget.LinearLayout[@resource-id="com.knightclub.app:id/inc_otp_verification"]
xpath criteria: //android.widget.LinearLayout[@resource-id="com.knightclub.app:id/inc_otp_verification"]
xpath criteria: //android.widget.LinearLayout[@resource-id="com.knightclub.app:id/inc_otp_verification"]
xpath criteria: //android.widget.LinearLayout[@resource-id="com.knightclub.app:id/inc_otp_verification"]
xpath criteria: //android.widget.LinearLayout[@resource-id="com.knightclub.app:id/inc_otp_verification"]
xpath criteria: //android.widget.LinearLayout[@resource-id="com.knightclub.app:id/inc_otp_verification"]
xpath criteria: //android.widget.LinearLayout[@resource-id="com.knightclub.app:id/inc_otp_verification"]
xpath criteria: //android.widget.LinearLayout[@resource-id="com.knightclub.app:id/inc_otp_verification"]
xpath criteria: //android.widget.LinearLayout[@resource-id="com.knightclub.app:id/inc_otp_verification"]
xpath criteria: //android.widget.LinearLayout[@resource-id="com.knightclub.app:id/inc_otp_verification"]</msg>
<status status="PASS" starttime="20240823 13:09:43.426" endtime="20240823 13:09:50.009"/>
</kw>
<kw name="Wait Until Element Is Visible" library="AppiumLibrary">
<arg>${login_skip_button}</arg>
<doc>Waits until element specified with `locator` is visible.</doc>
<msg timestamp="20240823 13:09:50.897" level="INFO">xpath criteria: //android.widget.TextView[@resource-id="com.knightclub.app:id/tv_skip"]</msg>
<status status="PASS" starttime="20240823 13:09:50.010" endtime="20240823 13:09:50.898"/>
</kw>
<kw name="Click Element" library="AppiumLibrary">
<arg>${login_skip_button}</arg>
<doc>Click element identified by `locator`.</doc>
<msg timestamp="20240823 13:09:50.915" level="INFO">Clicking element '//android.widget.TextView[@resource-id="com.knightclub.app:id/tv_skip"]'.</msg>
<msg timestamp="20240823 13:09:51.332" level="INFO">xpath criteria: //android.widget.TextView[@resource-id="com.knightclub.app:id/tv_skip"]</msg>
<status status="PASS" starttime="20240823 13:09:50.898" endtime="20240823 13:09:51.332"/>
</kw>
<kw name="Wait Until Page Contains Element" library="AppiumLibrary">
<arg>${homepage_title}</arg>
<arg>timeout=30</arg>
<doc>Waits until element specified with `locator` appears on current page.</doc>
<msg timestamp="20240823 13:09:53.488" level="INFO">xpath criteria: //android.widget.TextView[@resource-id="com.knightclub.app:id/tv_title" and @text="Hey Knight!"]
xpath criteria: //android.widget.TextView[@resource-id="com.knightclub.app:id/tv_title" and @text="Hey Knight!"]</msg>
<status status="PASS" starttime="20240823 13:09:51.332" endtime="20240823 13:09:53.488"/>
</kw>
<kw name="Element Should Be Visible" library="AppiumLibrary">
<arg>${homepage_title}</arg>
<doc>Verifies that element identified with locator is visible.</doc>
<msg timestamp="20240823 13:09:55.603" level="INFO">xpath criteria: //android.widget.TextView[@resource-id="com.knightclub.app:id/tv_title" and @text="Hey Knight!"]</msg>
<status status="PASS" starttime="20240823 13:09:53.488" endtime="20240823 13:09:55.603"/>
</kw>
<kw name="Click Element" library="AppiumLibrary">
<arg>${profile_logo_button}</arg>
<doc>Click element identified by `locator`.</doc>
<msg timestamp="20240823 13:09:55.612" level="INFO">Clicking element '//android.widget.ImageButton[@resource-id="com.knightclub.app:id/btn_profile"]'.</msg>
<msg timestamp="20240823 13:09:56.816" level="INFO">xpath criteria: //android.widget.ImageButton[@resource-id="com.knightclub.app:id/btn_profile"]</msg>
<status status="PASS" starttime="20240823 13:09:55.603" endtime="20240823 13:09:56.817"/>
</kw>
<status status="PASS" starttime="20240823 13:09:23.932" endtime="20240823 13:09:56.817"/>
</kw>
<kw name="Close Application" library="AppiumLibrary" type="TEARDOWN">
<doc>Closes the current application and also close webdriver session.</doc>
<status status="PASS" starttime="20240823 13:09:56.819" endtime="20240823 13:09:57.396"/>
</kw>
<status status="PASS" starttime="20240823 13:09:13.465" endtime="20240823 13:09:57.397"/>
</test>
<status status="PASS" starttime="20240823 13:04:23.064" endtime="20240823 13:09:57.399"/>
</suite>
<statistics>
<total>
<stat pass="9" fail="0" skip="0">All Tests</stat>
</total>
<tag>
</tag>
<suite>
<stat pass="9" fail="0" skip="0" id="s1" name="Already Registered User Test">Already Registered User Test</stat>
</suite>
</statistics>
<errors>
<msg timestamp="20240823 13:04:30.494" level="WARN">Imported library 'C:\Users\Priti\Desktop\git_demo\gitactionsdemo\Mobile\Android\KC\PageObjects\Login\login_locators.py' contains no keywords.</msg>
<msg timestamp="20240823 13:05:36.145" level="WARN">Multiple tests with name 'TC-01 Verify Valid Indian Mobile Number' executed in suite 'Already Registered User Test'.</msg>
<msg timestamp="20240823 13:06:08.097" level="WARN">Multiple tests with name 'TC-02 Verify User Can Request An Otp For Login' executed in suite 'Already Registered User Test'.</msg>
<msg timestamp="20240823 13:06:39.397" level="WARN">Multiple tests with name 'TC-01 Verify Valid Indian Mobile Number' executed in suite 'Already Registered User Test'.</msg>
<msg timestamp="20240823 13:07:11.536" level="WARN">Multiple tests with name 'TC-02 Verify User Can Request An Otp For Login' executed in suite 'Already Registered User Test'.</msg>
<msg timestamp="20240823 13:08:28.038" level="WARN">Multiple tests with name 'TC_08 Verify Skip Button' executed in suite 'Already Registered User Test'.</msg>
<msg timestamp="20240823 13:09:13.463" level="WARN">Multiple tests with name 'TC_08 Verify Skip Button' executed in suite 'Already Registered User Test'.</msg>
</errors>
</robot>
