<?xml version="1.0" encoding="UTF-8"?>
<robot generator="Robot 6.1.1 (Python 3.12.2 on win32)" generated="20240626 12:36:18.541" rpa="false" schemaversion="4">
<suite id="s1" name="Already Registered User Test" source="C:\Users\Priti\Desktop\SI\wm-indexnine-qa-automation\Mobile\Android\KC\TestCases\Login\already_registered_user_test.robot">
<test id="s1-t1" name="TC-01 Verify Valid Indian Mobile Number" line="21">
<kw name="Open KC application" library="login_keywords" type="SETUP">
<kw name="Get Environment Data" library="user_keywords">
<var>${env_data}</var>
<arg>${android_environment}</arg>
<msg timestamp="20240626 12:36:40.703" level="INFO">${env_data} = {'host': 'http://127.0.0.1:4723', 'platformName': 'Android', 'deviceName': 'bae57ac0', 'application_sdk': 'robot\\Mobile\\Android\\KC\\TestData\\Application\\app-debug.apk', 'ignoreHiddenApiPolicyErro...</msg>
<status status="PASS" starttime="20240626 12:36:40.698" endtime="20240626 12:36:40.703"/>
</kw>
<kw name="Create Dictionary" library="BuiltIn">
<var>${env_data}</var>
<arg>&amp;{env_data}</arg>
<doc>Creates and returns a dictionary based on the given ``items``.</doc>
<msg timestamp="20240626 12:36:40.703" level="INFO">${env_data} = {'host': 'http://127.0.0.1:4723', 'platformName': 'Android', 'deviceName': 'bae57ac0', 'application_sdk': 'robot\\Mobile\\Android\\KC\\TestData\\Application\\app-debug.apk', 'ignoreHiddenApiPolicyErro...</msg>
<status status="PASS" starttime="20240626 12:36:40.703" endtime="20240626 12:36:40.719"/>
</kw>
<kw name="Open Application" library="AppiumLibrary">
<arg>${REMOTE_URL}</arg>
<arg>app=bs://9445f8af29ed4385b9731793c86bbaf6ed86558b</arg>
<arg>name=single_test</arg>
<arg>build=${APP_PACKAGE}</arg>
<doc>Opens a new application to given Appium server.
Capabilities of appium server, Android and iOS,
Please check https://github.com/appium/appium/blob/master/docs/en/writing-running-appium/server-args.md
| *Option*            | *Man.* | *Description*     |
| remote_url          | Yes    | Appium server url |
| alias               | no     | alias             |
| strict_ssl          | No     | allows you to send commands to an invalid certificate host like a self-signed one. |</doc>
<kw name="Capture Page Screenshot" library="AppiumLibrary">
<doc>Takes a screenshot of the current page and embeds it into the log.</doc>
<msg timestamp="20240626 12:36:41.318" level="FAIL">No application is open</msg>
<status status="FAIL" starttime="20240626 12:36:41.318" endtime="20240626 12:36:41.424"/>
</kw>
<msg timestamp="20240626 12:36:41.442" level="WARN">Keyword 'Capture Page Screenshot' could not be run on failure: No application is open</msg>
<msg timestamp="20240626 12:36:41.445" level="FAIL">WebDriverException: Message: [BROWSERSTACK_MISSING_CAPS] The ["platformName"] capabilities are missing in your test script. Please refer to our capability builder - https://www.browserstack.com/app-automate/capabilities?tag=w3c
</msg>
<status status="FAIL" starttime="20240626 12:36:40.719" endtime="20240626 12:36:41.453"/>
</kw>
<status status="FAIL" starttime="20240626 12:36:40.693" endtime="20240626 12:36:41.455"/>
</kw>
<kw name="Close Application" library="AppiumLibrary" type="TEARDOWN">
<doc>Closes the current application and also close webdriver session.</doc>
<kw name="Capture Page Screenshot" library="AppiumLibrary">
<doc>Takes a screenshot of the current page and embeds it into the log.</doc>
<msg timestamp="20240626 12:36:41.465" level="FAIL">No application is open</msg>
<status status="FAIL" starttime="20240626 12:36:41.463" endtime="20240626 12:36:41.469"/>
</kw>
<msg timestamp="20240626 12:36:41.494" level="WARN">Keyword 'Capture Page Screenshot' could not be run on failure: No application is open</msg>
<msg timestamp="20240626 12:36:41.496" level="FAIL">No application is open</msg>
<status status="FAIL" starttime="20240626 12:36:41.459" endtime="20240626 12:36:41.501">No application is open</status>
</kw>
<status status="FAIL" starttime="20240626 12:36:40.685" endtime="20240626 12:36:41.506">Setup failed:
WebDriverException: Message: [BROWSERSTACK_MISSING_CAPS] The ["platformName"] capabilities are missing in your test script. Please refer to our capability builder - https://www.browserstack.com/app-automate/capabilities?tag=w3c


Also teardown failed:
No application is open</status>
</test>
<status status="FAIL" starttime="20240626 12:36:18.560" endtime="20240626 12:36:41.511"/>
</suite>
<statistics>
<total>
<stat pass="0" fail="1" skip="0">All Tests</stat>
</total>
<tag>
</tag>
<suite>
<stat pass="0" fail="1" skip="0" id="s1" name="Already Registered User Test">Already Registered User Test</stat>
</suite>
</statistics>
<errors>
<msg timestamp="20240626 12:36:40.671" level="WARN">Imported library 'C:\Users\Priti\Desktop\SI\wm-indexnine-qa-automation\Mobile\Android\KC\PageObjects\Login\login_locators.py' contains no keywords.</msg>
<msg timestamp="20240626 12:36:41.442" level="WARN">Keyword 'Capture Page Screenshot' could not be run on failure: No application is open</msg>
<msg timestamp="20240626 12:36:41.494" level="WARN">Keyword 'Capture Page Screenshot' could not be run on failure: No application is open</msg>
</errors>
</robot>
